{"level":"info","message":"Starting server...","timestamp":"2026-03-02T08:31:33.268Z"}
{"level":"info","message":"Database connected","timestamp":"2026-03-02T08:31:33.317Z"}
{"level":"info","message":"Security middlewares loaded","timestamp":"2026-03-02T08:31:33.322Z"}
{"level":"info","message":"Routes mounted","timestamp":"2026-03-02T08:31:33.322Z"}
{"level":"info","message":"Server started on port 5000","timestamp":"2026-03-02T08:31:33.325Z"}
{"level":"info","message":"Starting server...","timestamp":"2026-03-02T08:33:46.993Z"}
{"level":"info","message":"Database connected","timestamp":"2026-03-02T08:33:47.142Z"}
{"level":"info","message":"Security middlewares loaded","timestamp":"2026-03-02T08:33:47.161Z"}
{"level":"info","message":"Routes mounted","timestamp":"2026-03-02T08:33:47.162Z"}
{"level":"info","message":"Server started on port 5000","timestamp":"2026-03-02T08:33:47.175Z"}
{"level":"info","message":"Starting server...","timestamp":"2026-03-02T08:34:12.320Z"}
{"level":"info","message":"Database connected","timestamp":"2026-03-02T08:34:12.397Z"}
{"level":"info","message":"Security middlewares loaded","timestamp":"2026-03-02T08:34:12.410Z"}
{"level":"info","message":"Routes mounted","timestamp":"2026-03-02T08:34:12.412Z"}
{"level":"info","message":"Server started on port 5000","timestamp":"2026-03-02T08:34:12.420Z"}
{"level":"info","message":"Starting server...","timestamp":"2026-03-02T08:34:36.706Z"}
{"level":"info","message":"Database connected","timestamp":"2026-03-02T08:34:36.788Z"}
{"level":"info","message":"Security middlewares loaded","timestamp":"2026-03-02T08:34:36.804Z"}
{"level":"info","message":"Routes mounted","timestamp":"2026-03-02T08:34:36.805Z"}
{"level":"info","message":"Server started on port 5000","timestamp":"2026-03-02T08:34:36.812Z"}
{"level":"info","message":"Starting server...","timestamp":"2026-03-02T08:35:01.204Z"}
{"level":"info","message":"Database connected","timestamp":"2026-03-02T08:35:01.263Z"}
{"level":"info","message":"Security middlewares loaded","timestamp":"2026-03-02T08:35:01.268Z"}
{"level":"info","message":"Routes mounted","timestamp":"2026-03-02T08:35:01.269Z"}
{"level":"info","message":"Server started on port 5000","timestamp":"2026-03-02T08:35:01.274Z"}
{"level":"info","message":"Starting server...","timestamp":"2026-03-02T08:35:04.701Z"}
{"level":"info","message":"Database connected","timestamp":"2026-03-02T08:35:04.761Z"}
{"level":"info","message":"Security middlewares loaded","timestamp":"2026-03-02T08:35:04.769Z"}
{"level":"info","message":"Routes mounted","timestamp":"2026-03-02T08:35:04.770Z"}
{"level":"info","message":"Server started on port 5000","timestamp":"2026-03-02T08:35:04.774Z"}
{"level":"info","message":"Starting server...","timestamp":"2026-03-02T08:36:28.040Z"}
{"level":"info","message":"Database connected","timestamp":"2026-03-02T08:36:28.124Z"}
{"level":"info","message":"Security middlewares loaded","timestamp":"2026-03-02T08:36:28.132Z"}
{"level":"info","message":"Routes mounted","timestamp":"2026-03-02T08:36:28.133Z"}
{"level":"info","message":"Server started on port 5000","timestamp":"2026-03-02T08:36:28.137Z"}
{"level":"info","message":"Starting server...","timestamp":"2026-03-02T08:36:31.207Z"}
{"level":"info","message":"Database connected","timestamp":"2026-03-02T08:36:31.269Z"}
{"level":"info","message":"Security middlewares loaded","timestamp":"2026-03-02T08:36:31.274Z"}
{"level":"info","message":"Routes mounted","timestamp":"2026-03-02T08:36:31.275Z"}
{"level":"info","message":"Server started on port 5000","timestamp":"2026-03-02T08:36:31.279Z"}
{"level":"info","message":"Starting server...","timestamp":"2026-03-02T08:36:32.592Z"}
{"level":"info","message":"Database connected","timestamp":"2026-03-02T08:36:32.640Z"}
{"level":"info","message":"Security middlewares loaded","timestamp":"2026-03-02T08:36:32.654Z"}
{"level":"info","message":"Routes mounted","timestamp":"2026-03-02T08:36:32.655Z"}
{"level":"info","message":"Server started on port 5000","timestamp":"2026-03-02T08:36:32.665Z"}
{"level":"info","message":"Starting server...","timestamp":"2026-03-02T08:36:33.905Z"}
{"level":"info","message":"Database connected","timestamp":"2026-03-02T08:36:33.983Z"}
{"level":"info","message":"Security middlewares loaded","timestamp":"2026-03-02T08:36:33.999Z"}
{"level":"info","message":"Routes mounted","timestamp":"2026-03-02T08:36:34.000Z"}
{"level":"info","message":"Server started on port 5000","timestamp":"2026-03-02T08:36:34.010Z"}
{"level":"info","message":"Shutting down...","timestamp":"2026-03-02T08:36:43.735Z"}
{"level":"info","message":"Starting server...","timestamp":"2026-03-02T08:36:47.990Z"}
{"level":"info","message":"Database connected","timestamp":"2026-03-02T08:36:48.077Z"}
{"level":"info","message":"Security middlewares loaded","timestamp":"2026-03-02T08:36:48.090Z"}
{"level":"info","message":"Routes mounted","timestamp":"2026-03-02T08:36:48.091Z"}
{"level":"info","message":"Server started on port 5000","timestamp":"2026-03-02T08:36:48.098Z"}
{"level":"info","message":"GET /products 304 37.520 ms - -","timestamp":"2026-03-02T08:37:14.438Z"}
{"level":"info","message":"GET /favicon.ico 404 7.430 ms - 150","timestamp":"2026-03-02T08:37:14.524Z"}
{"level":"info","message":"GET /products 304 10.430 ms - -","timestamp":"2026-03-02T08:38:24.490Z"}
{"level":"info","message":"GET /favicon.ico 404 1.323 ms - 150","timestamp":"2026-03-02T08:38:24.672Z"}
{"level":"info","message":"GET /products 304 11.778 ms - -","timestamp":"2026-03-02T08:44:05.691Z"}
{"level":"info","message":"GET /favicon.ico 404 0.922 ms - 150","timestamp":"2026-03-02T08:44:05.868Z"}
{"level":"info","message":"GET /products 304 10.466 ms - -","timestamp":"2026-03-02T08:44:07.122Z"}
{"level":"info","message":"GET /favicon.ico 404 1.631 ms - 150","timestamp":"2026-03-02T08:44:07.259Z"}
{"level":"info","message":"GET /products 304 8.630 ms - -","timestamp":"2026-03-02T08:45:30.314Z"}
{"level":"info","message":"GET /favicon.ico 404 1.083 ms - 150","timestamp":"2026-03-02T08:45:30.396Z"}
{"level":"info","message":"GET /products 304 6.734 ms - -","timestamp":"2026-03-02T08:45:34.210Z"}
{"level":"info","message":"GET /favicon.ico 404 1.354 ms - 150","timestamp":"2026-03-02T08:45:34.296Z"}
{"level":"info","message":"Starting server...","timestamp":"2026-03-02T08:52:43.005Z"}
{"level":"info","message":"Database connected","timestamp":"2026-03-02T08:52:43.056Z"}
{"level":"info","message":"Security middlewares loaded","timestamp":"2026-03-02T08:52:43.062Z"}
{"level":"info","message":"Routes mounted","timestamp":"2026-03-02T08:52:43.063Z"}
{"level":"info","message":"Server started on port 5000","timestamp":"2026-03-02T08:52:43.066Z"}
{"level":"info","message":"SIGINT received. Shutting down...","timestamp":"2026-03-02T08:52:46.313Z"}
{"level":"info","message":"Starting server...","timestamp":"2026-03-02T11:13:42.644Z"}
{"level":"info","message":"Database connected","timestamp":"2026-03-02T11:13:42.707Z"}
{"level":"info","message":"Security middlewares loaded","timestamp":"2026-03-02T11:13:42.712Z"}
{"level":"info","message":"Routes mounted","timestamp":"2026-03-02T11:13:42.713Z"}
{"level":"info","message":"Server started on port 5000","timestamp":"2026-03-02T11:13:42.718Z"}
{"level":"info","message":"Starting server...","timestamp":"2026-03-02T11:13:43.822Z"}
{"level":"info","message":"Database connected","timestamp":"2026-03-02T11:13:43.884Z"}
{"level":"info","message":"Security middlewares loaded","timestamp":"2026-03-02T11:13:43.893Z"}
{"level":"info","message":"Routes mounted","timestamp":"2026-03-02T11:13:43.893Z"}
{"level":"info","message":"Server started on port 5000","timestamp":"2026-03-02T11:13:43.901Z"}
{"level":"info","message":"SIGINT received. Shutting down...","timestamp":"2026-03-02T11:13:56.876Z"}
{"level":"info","message":"Starting server...","timestamp":"2026-03-02T11:14:02.753Z"}
{"level":"info","message":"Database connected","timestamp":"2026-03-02T11:14:02.796Z"}
{"level":"info","message":"Security middlewares loaded","timestamp":"2026-03-02T11:14:02.801Z"}
{"level":"info","message":"Routes mounted","timestamp":"2026-03-02T11:14:02.801Z"}
{"level":"info","message":"Server started on port 5000","timestamp":"2026-03-02T11:14:02.804Z"}
{"level":"info","message":"POST /products/send-email 202 6.711 ms - 65","timestamp":"2026-03-02T11:15:28.035Z"}
{"level":"info","message":"Processing email job: 1","timestamp":"2026-03-02T11:15:28.037Z"}
{"level":"info","message":"Email sent to test@example.com with subject: Welcome Email","timestamp":"2026-03-02T11:15:30.038Z"}
{"level":"info","message":"Job 1 completed successfully","timestamp":"2026-03-02T11:15:30.047Z"}
{"level":"info","message":"SIGINT received. Shutting down...","timestamp":"2026-03-02T11:17:41.687Z"}
{"level":"info","message":"Starting server...","timestamp":"2026-03-02T11:21:39.550Z"}
{"level":"info","message":"Database connected","timestamp":"2026-03-02T11:21:39.604Z"}
{"level":"info","message":"Security middlewares loaded","timestamp":"2026-03-02T11:21:39.609Z"}
{"level":"info","message":"Routes mounted","timestamp":"2026-03-02T11:21:39.609Z"}
{"level":"info","message":"Server started on port 5000","timestamp":"2026-03-02T11:21:39.613Z"}
{"level":"info","message":"[0120cc0c-3ebd-4f55-b6f3-0869efb61ce2] GET /products 200 33.624 ms - 620","timestamp":"2026-03-02T11:22:13.034Z"}
{"level":"info","message":"Starting server...","timestamp":"2026-03-02T11:26:00.544Z"}
{"level":"info","message":"Database connected","timestamp":"2026-03-02T11:26:00.614Z"}
{"level":"info","message":"Security middlewares loaded","timestamp":"2026-03-02T11:26:00.622Z"}
{"level":"info","message":"Routes mounted","timestamp":"2026-03-02T11:26:00.623Z"}
{"level":"info","message":"Server started on port 5000","timestamp":"2026-03-02T11:26:00.628Z"}
{"level":"info","message":"Starting server...","timestamp":"2026-03-02T11:26:03.127Z"}
{"level":"info","message":"Database connected","timestamp":"2026-03-02T11:26:03.188Z"}
{"level":"info","message":"Security middlewares loaded","timestamp":"2026-03-02T11:26:03.194Z"}
{"level":"info","message":"Routes mounted","timestamp":"2026-03-02T11:26:03.195Z"}
{"level":"info","message":"Server started on port 5000","timestamp":"2026-03-02T11:26:03.199Z"}
{"level":"info","message":"Starting server...","timestamp":"2026-03-02T11:26:29.773Z"}
{"level":"info","message":"Database connected","timestamp":"2026-03-02T11:26:29.890Z"}
{"level":"info","message":"Security middlewares loaded","timestamp":"2026-03-02T11:26:29.902Z"}
{"level":"info","message":"Routes mounted","timestamp":"2026-03-02T11:26:29.903Z"}
{"level":"info","message":"Server started on port 5000","timestamp":"2026-03-02T11:26:29.911Z"}
{"level":"info","message":"Starting server...","timestamp":"2026-03-02T11:26:30.804Z"}
{"level":"info","message":"Database connected","timestamp":"2026-03-02T11:26:30.926Z"}
{"level":"info","message":"Security middlewares loaded","timestamp":"2026-03-02T11:26:30.939Z"}
{"level":"info","message":"Routes mounted","timestamp":"2026-03-02T11:26:30.940Z"}
{"level":"info","message":"Server started on port 5000","timestamp":"2026-03-02T11:26:30.943Z"}
{"level":"info","message":"Starting server...","timestamp":"2026-03-02T11:26:49.622Z"}
{"level":"info","message":"Database connected","timestamp":"2026-03-02T11:26:49.720Z"}
{"level":"info","message":"Security middlewares loaded","timestamp":"2026-03-02T11:26:49.739Z"}
{"level":"info","message":"Routes mounted","timestamp":"2026-03-02T11:26:49.741Z"}
{"level":"info","message":"Server started on port 5000","timestamp":"2026-03-02T11:26:49.753Z"}
{"level":"info","message":"Starting server...","timestamp":"2026-03-02T11:26:50.701Z"}
{"level":"info","message":"Database connected","timestamp":"2026-03-02T11:26:50.761Z"}
{"level":"info","message":"Security middlewares loaded","timestamp":"2026-03-02T11:26:50.767Z"}
{"level":"info","message":"Routes mounted","timestamp":"2026-03-02T11:26:50.768Z"}
{"level":"info","message":"Server started on port 5000","timestamp":"2026-03-02T11:26:50.773Z"}
{"level":"info","message":"Starting server...","timestamp":"2026-03-02T11:27:45.632Z"}
{"level":"info","message":"Database connected","timestamp":"2026-03-02T11:27:45.708Z"}
{"level":"info","message":"Security middlewares loaded","timestamp":"2026-03-02T11:27:45.719Z"}
{"level":"info","message":"Routes mounted","timestamp":"2026-03-02T11:27:45.720Z"}
{"level":"info","message":"Server started on port 5000","timestamp":"2026-03-02T11:27:45.727Z"}
{"level":"info","message":"Starting server...","timestamp":"2026-03-02T11:27:46.948Z"}
{"level":"info","message":"Database connected","timestamp":"2026-03-02T11:27:46.994Z"}
{"level":"info","message":"Security middlewares loaded","timestamp":"2026-03-02T11:27:47.001Z"}
{"level":"info","message":"Routes mounted","timestamp":"2026-03-02T11:27:47.001Z"}
{"level":"info","message":"Server started on port 5000","timestamp":"2026-03-02T11:27:47.005Z"}
{"level":"info","message":"Starting server...","timestamp":"2026-03-02T11:28:40.133Z"}
{"level":"info","message":"Database connected","timestamp":"2026-03-02T11:28:40.188Z"}
{"level":"info","message":"Security middlewares loaded","timestamp":"2026-03-02T11:28:40.193Z"}
{"level":"info","message":"Routes mounted","timestamp":"2026-03-02T11:28:40.193Z"}
{"level":"info","message":"Server started on port 5000","timestamp":"2026-03-02T11:28:40.198Z"}
{"level":"info","message":"Starting server...","timestamp":"2026-03-02T11:28:49.711Z"}
{"level":"info","message":"Database connected","timestamp":"2026-03-02T11:28:49.772Z"}
{"level":"info","message":"Security middlewares loaded","timestamp":"2026-03-02T11:28:49.779Z"}
{"level":"info","message":"Routes mounted","timestamp":"2026-03-02T11:28:49.780Z"}
{"level":"info","message":"Server started on port 5000","timestamp":"2026-03-02T11:28:49.785Z"}
{"level":"info","message":"Starting server...","timestamp":"2026-03-02T11:29:16.702Z"}
{"level":"info","message":"Database connected","timestamp":"2026-03-02T11:29:16.799Z"}
{"level":"info","message":"Security middlewares loaded","timestamp":"2026-03-02T11:29:16.806Z"}
{"level":"info","message":"Routes mounted","timestamp":"2026-03-02T11:29:16.808Z"}
{"level":"info","message":"Server started on port 5000","timestamp":"2026-03-02T11:29:16.811Z"}
{"level":"info","message":"SIGINT received. Shutting down...","timestamp":"2026-03-02T11:29:45.163Z"}
{"level":"info","message":"Starting server...","timestamp":"2026-03-02T11:29:49.798Z"}
{"level":"info","message":"Database connected","timestamp":"2026-03-02T11:29:49.883Z"}
{"level":"info","message":"Security middlewares loaded","timestamp":"2026-03-02T11:29:49.891Z"}
{"level":"info","message":"Routes mounted","timestamp":"2026-03-02T11:29:49.892Z"}
{"level":"info","message":"Server started on port 5000","timestamp":"2026-03-02T11:29:49.896Z"}
{"level":"info","message":"[6205b43e-8d9d-4790-8904-c2de4108dec3] GET /products 200 29.935 ms - 620","requestId":"6205b43e-8d9d-4790-8904-c2de4108dec3","timestamp":"2026-03-02T11:30:04.383Z"}
{"level":"info","message":"[58bb50ad-df38-461f-b392-e5c7940b3c60] GET /products 200 6.797 ms - 620","requestId":"58bb50ad-df38-461f-b392-e5c7940b3c60","timestamp":"2026-03-02T11:30:13.566Z"}
{"level":"info","message":"[9b348fe1-2153-41dc-9b9a-f47f2ccf2c54] GET /products?page=1&limit=5 200 5.786 ms - 620","requestId":"9b348fe1-2153-41dc-9b9a-f47f2ccf2c54","timestamp":"2026-03-02T13:35:54.254Z"}
{"level":"info","message":"[c0380ee0-86a8-40d0-80e3-ba0a44194997] POST /products 201 25.237 ms - 298","requestId":"c0380ee0-86a8-40d0-80e3-ba0a44194997","timestamp":"2026-03-02T13:54:12.587Z"}
{"level":"info","message":"[93a5a968-0704-4762-bca8-1bcce035ae3b] POST /products 201 7.622 ms - 298","requestId":"93a5a968-0704-4762-bca8-1bcce035ae3b","timestamp":"2026-03-02T13:57:28.100Z"}
{"level":"info","message":"[eb4c8f7c-e25f-4ad7-9998-25f2c40e3f34] POST /products 201 5.886 ms - 298","requestId":"eb4c8f7c-e25f-4ad7-9998-25f2c40e3f34","timestamp":"2026-03-02T13:58:58.596Z"}
{"level":"info","message":"[72914afd-4714-46a7-abca-b65ec2eb7279] POST /products 201 4.448 ms - 298","requestId":"72914afd-4714-46a7-abca-b65ec2eb7279","timestamp":"2026-03-02T13:59:00.566Z"}
{"level":"info","message":"[71c6a775-f5d2-4329-8cfa-fb402b706f1b] GET /products 200 6.549 ms - 1720","requestId":"71c6a775-f5d2-4329-8cfa-fb402b706f1b","timestamp":"2026-03-02T14:00:29.941Z"}
{"level":"info","message":"[3ea0ba3b-3845-4ad4-8f5c-f51f3598cf86] GET /products?search=Samsung 200 6.015 ms - 333","requestId":"3ea0ba3b-3845-4ad4-8f5c-f51f3598cf86","timestamp":"2026-03-02T14:00:43.514Z"}
{"level":"info","message":"[0b66b008-30fb-4e8d-87c3-999a449f81ad] GET /products?page=1&limit=5 200 9.743 ms - 1433","requestId":"0b66b008-30fb-4e8d-87c3-999a449f81ad","timestamp":"2026-03-02T14:01:32.709Z"}
{"level":"info","message":"[be212e29-24df-46ae-ac16-adb6a0632ad5] GET /products/69a597a46afd6a7a23f15367 200 5.634 ms - 298","requestId":"be212e29-24df-46ae-ac16-adb6a0632ad5","timestamp":"2026-03-02T14:01:39.492Z"}
{"level":"info","message":"[28710610-035e-43e2-bc30-cad7e932c875] PUT /products/69a597a46afd6a7a23f15367 200 12.400 ms - 298","requestId":"28710610-035e-43e2-bc30-cad7e932c875","timestamp":"2026-03-02T14:03:46.750Z"}
{"level":"info","message":"[2bc9b3d6-fd57-480e-86e7-f09555c9b175] DELETE /products/69a597a46afd6a7a23f15367 200 5.890 ms - 320","requestId":"2bc9b3d6-fd57-480e-86e7-f09555c9b175","timestamp":"2026-03-02T14:03:56.135Z"}
{"level":"info","message":"[b4f9acc4-2630-451e-9403-2f1d14276068] POST /products/send-email 202 3.953 ms - 65","requestId":"b4f9acc4-2630-451e-9403-2f1d14276068","timestamp":"2026-03-02T14:04:04.492Z"}
{"level":"info","message":"Processing email job: 2","timestamp":"2026-03-02T14:04:04.493Z"}
{"level":"info","message":"Email sent to test@example.com with subject: Welcome Email","timestamp":"2026-03-02T14:04:06.493Z"}
{"level":"info","message":"Job 2 completed successfully","timestamp":"2026-03-02T14:04:06.499Z"}
{"level":"info","message":"[40e9ef47-d84b-4659-a2df-d3fe4e757863] GET /health 200 0.318 ms - 15","requestId":"40e9ef47-d84b-4659-a2df-d3fe4e757863","timestamp":"2026-03-02T14:04:13.110Z"}
{"level":"info","message":"[407183f1-091e-4281-b370-45ae4dc09644] GET /products 200 5.299 ms - 1445","requestId":"407183f1-091e-4281-b370-45ae4dc09644","timestamp":"2026-03-02T14:04:33.819Z"}
{"level":"info","message":"[1bc5445c-376b-43e0-a0cc-ed10d54ab5df] GET /products?search=Samsung 200 6.514 ms - 333","requestId":"1bc5445c-376b-43e0-a0cc-ed10d54ab5df","timestamp":"2026-03-02T14:04:49.641Z"}
{"level":"info","message":"[5b797d26-9df5-48ab-8f9c-ff5c4cacb81e] GET /products?sort=price:desc 200 5.357 ms - 1445","requestId":"5b797d26-9df5-48ab-8f9c-ff5c4cacb81e","timestamp":"2026-03-02T14:05:04.366Z"}
{"level":"info","message":"[ca22367c-b077-4a32-9443-5beb8b6bbe41] GET /products/69a597a46afd6a7a23f15367 404 4.205 ms - 157","requestId":"ca22367c-b077-4a32-9443-5beb8b6bbe41","timestamp":"2026-03-02T14:06:33.274Z"}
{"level":"info","message":"[d5bce69d-6786-4a0f-96d0-54e002d4173e] GET /products/69a597a46afd6a7a23f15367 404 3.155 ms - 157","requestId":"d5bce69d-6786-4a0f-96d0-54e002d4173e","timestamp":"2026-03-02T14:06:41.809Z"}
{"level":"info","message":"[b348fd2e-53b6-4080-b2b7-8a5dee17cfa0] PUT /products/69a597a46afd6a7a23f15367 404 4.803 ms - 157","requestId":"b348fd2e-53b6-4080-b2b7-8a5dee17cfa0","timestamp":"2026-03-02T14:06:48.134Z"}
{"level":"info","message":"[c565e706-7d68-4584-83d6-d870aae76c88] POST /products 201 6.910 ms - 298","requestId":"c565e706-7d68-4584-83d6-d870aae76c88","timestamp":"2026-03-02T14:06:59.268Z"}
{"level":"info","message":"[2ba20936-04a8-43cd-addf-a1d5bdd07e3d] GET /products/69a599836afd6a7a23f1537b 200 3.799 ms - 298","requestId":"2ba20936-04a8-43cd-addf-a1d5bdd07e3d","timestamp":"2026-03-02T14:07:06.312Z"}
{"level":"info","message":"[68acc938-8f66-4bcf-80a9-9e76e7cffd52] PUT /products/69a599836afd6a7a23f1537b 200 4.434 ms - 298","requestId":"68acc938-8f66-4bcf-80a9-9e76e7cffd52","timestamp":"2026-03-02T14:07:18.211Z"}
{"level":"info","message":"Starting server...","timestamp":"2026-03-02T14:11:48.729Z"}
{"level":"info","message":"Database connected","timestamp":"2026-03-02T14:11:48.837Z"}
{"level":"info","message":"Security middlewares loaded","timestamp":"2026-03-02T14:11:48.855Z"}
{"level":"info","message":"Routes mounted","timestamp":"2026-03-02T14:11:48.857Z"}
{"level":"info","message":"Server started on port 5000","timestamp":"2026-03-02T14:11:48.867Z"}
{"level":"info","message":"Starting server...","timestamp":"2026-03-02T14:13:53.555Z"}
{"level":"info","message":"Database connected","timestamp":"2026-03-02T14:13:53.669Z"}
{"level":"info","message":"Security middlewares loaded","timestamp":"2026-03-02T14:13:53.681Z"}
{"level":"info","message":"Routes mounted","timestamp":"2026-03-02T14:13:53.682Z"}
{"level":"info","message":"Server started on port 5000","timestamp":"2026-03-02T14:13:53.693Z"}
{"level":"info","message":"Starting server...","timestamp":"2026-03-02T14:13:55.869Z"}
{"level":"info","message":"Database connected","timestamp":"2026-03-02T14:13:55.936Z"}
{"level":"info","message":"Security middlewares loaded","timestamp":"2026-03-02T14:13:55.942Z"}
{"level":"info","message":"Routes mounted","timestamp":"2026-03-02T14:13:55.943Z"}
{"level":"info","message":"Server started on port 5000","timestamp":"2026-03-02T14:13:55.947Z"}
{"level":"info","message":"Starting server...","timestamp":"2026-03-02T14:14:02.484Z"}
{"level":"info","message":"Database connected","timestamp":"2026-03-02T14:14:02.526Z"}
{"level":"info","message":"Security middlewares loaded","timestamp":"2026-03-02T14:14:02.533Z"}
{"level":"info","message":"Routes mounted","timestamp":"2026-03-02T14:14:02.533Z"}
{"level":"info","message":"Server started on port 5000","timestamp":"2026-03-02T14:14:02.536Z"}
{"level":"info","message":"Starting server...","timestamp":"2026-03-02T14:14:06.240Z"}
{"level":"info","message":"Database connected","timestamp":"2026-03-02T14:14:06.408Z"}
{"level":"info","message":"Security middlewares loaded","timestamp":"2026-03-02T14:14:06.420Z"}
{"level":"info","message":"Routes mounted","timestamp":"2026-03-02T14:14:06.421Z"}
{"level":"info","message":"Server started on port 5000","timestamp":"2026-03-02T14:14:06.428Z"}
{"level":"info","message":"Starting server...","timestamp":"2026-03-02T14:14:09.152Z"}
{"level":"info","message":"Database connected","timestamp":"2026-03-02T14:14:09.215Z"}
{"level":"info","message":"Security middlewares loaded","timestamp":"2026-03-02T14:14:09.224Z"}
{"level":"info","message":"Routes mounted","timestamp":"2026-03-02T14:14:09.225Z"}
{"level":"info","message":"Server started on port 5000","timestamp":"2026-03-02T14:14:09.231Z"}
{"level":"info","message":"Starting server...","timestamp":"2026-03-02T14:14:21.519Z"}
{"level":"info","message":"Database connected","timestamp":"2026-03-02T14:14:21.657Z"}
{"level":"info","message":"Security middlewares loaded","timestamp":"2026-03-02T14:14:21.673Z"}
{"level":"info","message":"Routes mounted","timestamp":"2026-03-02T14:14:21.674Z"}
{"level":"info","message":"Server started on port 5000","timestamp":"2026-03-02T14:14:21.683Z"}
{"level":"info","message":"Starting server...","timestamp":"2026-03-02T14:14:26.003Z"}
{"level":"info","message":"Database connected","timestamp":"2026-03-02T14:14:26.129Z"}
{"level":"info","message":"Security middlewares loaded","timestamp":"2026-03-02T14:14:26.144Z"}
{"level":"info","message":"Routes mounted","timestamp":"2026-03-02T14:14:26.145Z"}
{"level":"info","message":"Server started on port 5000","timestamp":"2026-03-02T14:14:26.152Z"}
{"level":"info","message":"Starting server...","timestamp":"2026-03-02T14:14:29.171Z"}
{"level":"info","message":"Database connected","timestamp":"2026-03-02T14:14:29.237Z"}
{"level":"info","message":"Security middlewares loaded","timestamp":"2026-03-02T14:14:29.245Z"}
{"level":"info","message":"Routes mounted","timestamp":"2026-03-02T14:14:29.246Z"}
{"level":"info","message":"Server started on port 5000","timestamp":"2026-03-02T14:14:29.251Z"}
{"level":"info","message":"Starting server...","timestamp":"2026-03-02T14:14:31.887Z"}
{"level":"info","message":"Database connected","timestamp":"2026-03-02T14:14:31.949Z"}
{"level":"info","message":"Security middlewares loaded","timestamp":"2026-03-02T14:14:31.958Z"}
{"level":"info","message":"Routes mounted","timestamp":"2026-03-02T14:14:31.958Z"}
{"level":"info","message":"Server started on port 5000","timestamp":"2026-03-02T14:14:31.962Z"}
{"level":"info","message":"Starting server...","timestamp":"2026-03-02T14:14:34.518Z"}
{"level":"info","message":"Database connected","timestamp":"2026-03-02T14:14:34.587Z"}
{"level":"info","message":"Security middlewares loaded","timestamp":"2026-03-02T14:14:34.596Z"}
{"level":"info","message":"Routes mounted","timestamp":"2026-03-02T14:14:34.596Z"}
{"level":"info","message":"Server started on port 5000","timestamp":"2026-03-02T14:14:34.599Z"}
{"level":"info","message":"Starting server...","timestamp":"2026-03-02T14:14:37.680Z"}
{"level":"info","message":"Database connected","timestamp":"2026-03-02T14:14:37.804Z"}
{"level":"info","message":"Security middlewares loaded","timestamp":"2026-03-02T14:14:37.818Z"}
{"level":"info","message":"Routes mounted","timestamp":"2026-03-02T14:14:37.819Z"}
{"level":"info","message":"Server started on port 5000","timestamp":"2026-03-02T14:14:37.824Z"}
{"level":"info","message":"Starting server...","timestamp":"2026-03-02T14:14:41.289Z"}
{"level":"info","message":"Database connected","timestamp":"2026-03-02T14:14:41.384Z"}
{"level":"info","message":"Security middlewares loaded","timestamp":"2026-03-02T14:14:41.389Z"}
{"level":"info","message":"Routes mounted","timestamp":"2026-03-02T14:14:41.390Z"}
{"level":"info","message":"Server started on port 5000","timestamp":"2026-03-02T14:14:41.394Z"}
{"level":"info","message":"Starting server...","timestamp":"2026-03-02T14:14:44.465Z"}
{"level":"info","message":"Database connected","timestamp":"2026-03-02T14:14:44.555Z"}
{"level":"info","message":"Security middlewares loaded","timestamp":"2026-03-02T14:14:44.560Z"}
{"level":"info","message":"Routes mounted","timestamp":"2026-03-02T14:14:44.560Z"}
{"level":"info","message":"Server started on port 5000","timestamp":"2026-03-02T14:14:44.565Z"}
{"level":"info","message":"Starting server...","timestamp":"2026-03-02T14:14:51.609Z"}
{"level":"info","message":"Database connected","timestamp":"2026-03-02T14:14:51.677Z"}
{"level":"info","message":"Security middlewares loaded","timestamp":"2026-03-02T14:14:51.683Z"}
{"level":"info","message":"Routes mounted","timestamp":"2026-03-02T14:14:51.684Z"}
{"level":"info","message":"Server started on port 5000","timestamp":"2026-03-02T14:14:51.687Z"}
{"level":"info","message":"Starting server...","timestamp":"2026-03-02T14:14:57.776Z"}
{"level":"info","message":"Database connected","timestamp":"2026-03-02T14:14:57.839Z"}
{"level":"info","message":"Security middlewares loaded","timestamp":"2026-03-02T14:14:57.846Z"}
{"level":"info","message":"Routes mounted","timestamp":"2026-03-02T14:14:57.846Z"}
{"level":"info","message":"Server started on port 5000","timestamp":"2026-03-02T14:14:57.850Z"}
{"level":"info","message":"Starting server...","timestamp":"2026-03-02T14:15:01.163Z"}
{"level":"info","message":"Database connected","timestamp":"2026-03-02T14:15:01.247Z"}
{"level":"info","message":"Security middlewares loaded","timestamp":"2026-03-02T14:15:01.258Z"}
{"level":"info","message":"Routes mounted","timestamp":"2026-03-02T14:15:01.258Z"}
{"level":"info","message":"Server started on port 5000","timestamp":"2026-03-02T14:15:01.261Z"}
{"level":"info","message":"Starting server...","timestamp":"2026-03-02T14:15:15.971Z"}
{"level":"info","message":"Database connected","timestamp":"2026-03-02T14:15:16.045Z"}
{"level":"info","message":"Security middlewares loaded","timestamp":"2026-03-02T14:15:16.050Z"}
{"level":"info","message":"Routes mounted","timestamp":"2026-03-02T14:15:16.051Z"}
{"level":"info","message":"Server started on port 5000","timestamp":"2026-03-02T14:15:16.054Z"}
{"level":"info","message":"Starting server...","timestamp":"2026-03-02T14:15:18.776Z"}
{"level":"info","message":"Database connected","timestamp":"2026-03-02T14:15:18.863Z"}
{"level":"info","message":"Security middlewares loaded","timestamp":"2026-03-02T14:15:18.878Z"}
{"level":"info","message":"Routes mounted","timestamp":"2026-03-02T14:15:18.879Z"}
{"level":"info","message":"Server started on port 5000","timestamp":"2026-03-02T14:15:18.891Z"}
{"level":"info","message":"Starting server...","timestamp":"2026-03-02T14:15:28.435Z"}
{"level":"info","message":"Database connected","timestamp":"2026-03-02T14:15:28.561Z"}
{"level":"info","message":"Security middlewares loaded","timestamp":"2026-03-02T14:15:28.568Z"}
{"level":"info","message":"Routes mounted","timestamp":"2026-03-02T14:15:28.568Z"}
{"level":"info","message":"Server started on port 5000","timestamp":"2026-03-02T14:15:28.571Z"}
{"level":"info","message":"Starting server...","timestamp":"2026-03-02T14:15:30.315Z"}
{"level":"info","message":"Database connected","timestamp":"2026-03-02T14:15:30.376Z"}
{"level":"info","message":"Security middlewares loaded","timestamp":"2026-03-02T14:15:30.387Z"}
{"level":"info","message":"Routes mounted","timestamp":"2026-03-02T14:15:30.388Z"}
{"level":"info","message":"Server started on port 5000","timestamp":"2026-03-02T14:15:30.396Z"}
{"level":"info","message":"Starting server...","timestamp":"2026-03-02T14:15:34.197Z"}
{"level":"info","message":"Database connected","timestamp":"2026-03-02T14:15:34.282Z"}
{"level":"info","message":"Security middlewares loaded","timestamp":"2026-03-02T14:15:34.288Z"}
{"level":"info","message":"Routes mounted","timestamp":"2026-03-02T14:15:34.289Z"}
{"level":"info","message":"Server started on port 5000","timestamp":"2026-03-02T14:15:34.292Z"}
{"level":"info","message":"Starting server...","timestamp":"2026-03-02T14:15:37.775Z"}
{"level":"info","message":"Database connected","timestamp":"2026-03-02T14:15:37.861Z"}
{"level":"info","message":"Security middlewares loaded","timestamp":"2026-03-02T14:15:37.872Z"}
{"level":"info","message":"Routes mounted","timestamp":"2026-03-02T14:15:37.872Z"}
{"level":"info","message":"Server started on port 5000","timestamp":"2026-03-02T14:15:37.880Z"}
{"level":"info","message":"Starting server...","timestamp":"2026-03-02T14:15:41.415Z"}
{"level":"info","message":"Database connected","timestamp":"2026-03-02T14:15:41.486Z"}
{"level":"info","message":"Security middlewares loaded","timestamp":"2026-03-02T14:15:41.494Z"}
{"level":"info","message":"Routes mounted","timestamp":"2026-03-02T14:15:41.495Z"}
{"level":"info","message":"Server started on port 5000","timestamp":"2026-03-02T14:15:41.502Z"}
{"level":"info","message":"Starting server...","timestamp":"2026-03-02T14:15:44.874Z"}
{"level":"info","message":"Database connected","timestamp":"2026-03-02T14:15:44.936Z"}
{"level":"info","message":"Security middlewares loaded","timestamp":"2026-03-02T14:15:44.943Z"}
{"level":"info","message":"Routes mounted","timestamp":"2026-03-02T14:15:44.944Z"}
{"level":"info","message":"Server started on port 5000","timestamp":"2026-03-02T14:15:44.947Z"}
{"level":"info","message":"Starting server...","timestamp":"2026-03-02T14:15:47.028Z"}
{"level":"info","message":"Database connected","timestamp":"2026-03-02T14:15:47.088Z"}
{"level":"info","message":"Security middlewares loaded","timestamp":"2026-03-02T14:15:47.094Z"}
{"level":"info","message":"Routes mounted","timestamp":"2026-03-02T14:15:47.094Z"}
{"level":"info","message":"Server started on port 5000","timestamp":"2026-03-02T14:15:47.097Z"}
{"level":"info","message":"Starting server...","timestamp":"2026-03-02T14:15:58.423Z"}
{"level":"info","message":"Database connected","timestamp":"2026-03-02T14:15:58.493Z"}
{"level":"info","message":"Security middlewares loaded","timestamp":"2026-03-02T14:15:58.499Z"}
{"level":"info","message":"Routes mounted","timestamp":"2026-03-02T14:15:58.500Z"}
{"level":"info","message":"Server started on port 5000","timestamp":"2026-03-02T14:15:58.504Z"}
{"level":"info","message":"Starting server...","timestamp":"2026-03-02T14:16:02.714Z"}
{"level":"info","message":"Database connected","timestamp":"2026-03-02T14:16:02.797Z"}
{"level":"info","message":"Security middlewares loaded","timestamp":"2026-03-02T14:16:02.812Z"}
{"level":"info","message":"Routes mounted","timestamp":"2026-03-02T14:16:02.813Z"}
{"level":"info","message":"Server started on port 5000","timestamp":"2026-03-02T14:16:02.818Z"}
{"level":"info","message":"Starting server...","timestamp":"2026-03-02T14:16:11.332Z"}
{"level":"info","message":"Database connected","timestamp":"2026-03-02T14:16:11.397Z"}
{"level":"info","message":"Security middlewares loaded","timestamp":"2026-03-02T14:16:11.403Z"}
{"level":"info","message":"Routes mounted","timestamp":"2026-03-02T14:16:11.404Z"}
{"level":"info","message":"Server started on port 5000","timestamp":"2026-03-02T14:16:11.410Z"}
{"level":"info","message":"Starting server...","timestamp":"2026-03-02T14:16:17.134Z"}
{"level":"info","message":"Database connected","timestamp":"2026-03-02T14:16:17.201Z"}
{"level":"info","message":"Security middlewares loaded","timestamp":"2026-03-02T14:16:17.210Z"}
{"level":"info","message":"Routes mounted","timestamp":"2026-03-02T14:16:17.211Z"}
{"level":"info","message":"Server started on port 5000","timestamp":"2026-03-02T14:16:17.214Z"}
{"level":"info","message":"Starting server...","timestamp":"2026-03-02T14:16:38.305Z"}
{"level":"info","message":"Database connected","timestamp":"2026-03-02T14:16:38.390Z"}
{"level":"info","message":"Security middlewares loaded","timestamp":"2026-03-02T14:16:38.403Z"}
{"level":"info","message":"Routes mounted","timestamp":"2026-03-02T14:16:38.403Z"}
{"level":"info","message":"Server started on port 5000","timestamp":"2026-03-02T14:16:38.406Z"}
{"level":"info","message":"Starting server...","timestamp":"2026-03-02T14:16:40.212Z"}
{"level":"info","message":"Database connected","timestamp":"2026-03-02T14:16:40.257Z"}
{"level":"info","message":"Security middlewares loaded","timestamp":"2026-03-02T14:16:40.261Z"}
{"level":"info","message":"Routes mounted","timestamp":"2026-03-02T14:16:40.262Z"}
{"level":"info","message":"Server started on port 5000","timestamp":"2026-03-02T14:16:40.265Z"}
{"level":"info","message":"Starting server...","timestamp":"2026-03-02T14:16:48.640Z"}
{"level":"info","message":"Database connected","timestamp":"2026-03-02T14:16:48.699Z"}
{"level":"info","message":"Security middlewares loaded","timestamp":"2026-03-02T14:16:48.704Z"}
{"level":"info","message":"Routes mounted","timestamp":"2026-03-02T14:16:48.704Z"}
{"level":"info","message":"Server started on port 5000","timestamp":"2026-03-02T14:16:48.707Z"}
{"level":"info","message":"Starting server...","timestamp":"2026-03-02T14:16:52.118Z"}
{"level":"info","message":"Database connected","timestamp":"2026-03-02T14:16:52.195Z"}
{"level":"info","message":"Security middlewares loaded","timestamp":"2026-03-02T14:16:52.207Z"}
{"level":"info","message":"Routes mounted","timestamp":"2026-03-02T14:16:52.207Z"}
{"level":"info","message":"Server started on port 5000","timestamp":"2026-03-02T14:16:52.213Z"}
{"level":"info","message":"Starting server...","timestamp":"2026-03-02T14:16:55.094Z"}
{"level":"info","message":"Database connected","timestamp":"2026-03-02T14:16:55.207Z"}
{"level":"info","message":"Security middlewares loaded","timestamp":"2026-03-02T14:16:55.215Z"}
{"level":"info","message":"Routes mounted","timestamp":"2026-03-02T14:16:55.216Z"}
{"level":"info","message":"Server started on port 5000","timestamp":"2026-03-02T14:16:55.219Z"}
{"level":"info","message":"Starting server...","timestamp":"2026-03-02T14:16:57.836Z"}
{"level":"info","message":"Database connected","timestamp":"2026-03-02T14:16:57.965Z"}
{"level":"info","message":"Security middlewares loaded","timestamp":"2026-03-02T14:16:57.980Z"}
{"level":"info","message":"Routes mounted","timestamp":"2026-03-02T14:16:57.980Z"}
{"level":"info","message":"Server started on port 5000","timestamp":"2026-03-02T14:16:57.990Z"}
{"level":"info","message":"Starting server...","timestamp":"2026-03-02T14:17:00.400Z"}
{"level":"info","message":"Database connected","timestamp":"2026-03-02T14:17:00.541Z"}
{"level":"info","message":"Security middlewares loaded","timestamp":"2026-03-02T14:17:00.554Z"}
{"level":"info","message":"Routes mounted","timestamp":"2026-03-02T14:17:00.555Z"}
{"level":"info","message":"Server started on port 5000","timestamp":"2026-03-02T14:17:00.561Z"}
{"level":"info","message":"Starting server...","timestamp":"2026-03-02T14:17:02.931Z"}
{"level":"info","message":"Database connected","timestamp":"2026-03-02T14:17:02.989Z"}
{"level":"info","message":"Security middlewares loaded","timestamp":"2026-03-02T14:17:02.994Z"}
{"level":"info","message":"Routes mounted","timestamp":"2026-03-02T14:17:02.994Z"}
{"level":"info","message":"Server started on port 5000","timestamp":"2026-03-02T14:17:02.997Z"}
{"level":"info","message":"Starting server...","timestamp":"2026-03-02T14:17:12.925Z"}
{"level":"info","message":"Database connected","timestamp":"2026-03-02T14:17:12.993Z"}
{"level":"info","message":"Security middlewares loaded","timestamp":"2026-03-02T14:17:13.008Z"}
{"level":"info","message":"Routes mounted","timestamp":"2026-03-02T14:17:13.009Z"}
{"level":"info","message":"Server started on port 5000","timestamp":"2026-03-02T14:17:13.016Z"}
{"level":"info","message":"Starting server...","timestamp":"2026-03-02T14:17:20.478Z"}
{"level":"info","message":"Database connected","timestamp":"2026-03-02T14:17:20.523Z"}
{"level":"info","message":"Security middlewares loaded","timestamp":"2026-03-02T14:17:20.528Z"}
{"level":"info","message":"Routes mounted","timestamp":"2026-03-02T14:17:20.529Z"}
{"level":"info","message":"Server started on port 5000","timestamp":"2026-03-02T14:17:20.533Z"}
{"level":"info","message":"Starting server...","timestamp":"2026-03-02T14:17:23.341Z"}
{"level":"info","message":"Database connected","timestamp":"2026-03-02T14:17:23.413Z"}
{"level":"info","message":"Security middlewares loaded","timestamp":"2026-03-02T14:17:23.420Z"}
{"level":"info","message":"Routes mounted","timestamp":"2026-03-02T14:17:23.421Z"}
{"level":"info","message":"Server started on port 5000","timestamp":"2026-03-02T14:17:23.424Z"}
{"level":"info","message":"Starting server...","timestamp":"2026-03-02T14:17:36.587Z"}
{"level":"info","message":"Database connected","timestamp":"2026-03-02T14:17:36.655Z"}
{"level":"info","message":"Security middlewares loaded","timestamp":"2026-03-02T14:17:36.665Z"}
{"level":"info","message":"Routes mounted","timestamp":"2026-03-02T14:17:36.665Z"}
{"level":"info","message":"Server started on port 5000","timestamp":"2026-03-02T14:17:36.670Z"}
{"level":"info","message":"Starting server...","timestamp":"2026-03-02T14:17:39.512Z"}
{"level":"info","message":"Database connected","timestamp":"2026-03-02T14:17:39.576Z"}
{"level":"info","message":"Security middlewares loaded","timestamp":"2026-03-02T14:17:39.586Z"}
{"level":"info","message":"Routes mounted","timestamp":"2026-03-02T14:17:39.586Z"}
{"level":"info","message":"Server started on port 5000","timestamp":"2026-03-02T14:17:39.589Z"}
{"level":"info","message":"Starting server...","timestamp":"2026-03-02T14:17:41.438Z"}
{"level":"info","message":"Database connected","timestamp":"2026-03-02T14:17:41.512Z"}
{"level":"info","message":"Security middlewares loaded","timestamp":"2026-03-02T14:17:41.519Z"}
{"level":"info","message":"Routes mounted","timestamp":"2026-03-02T14:17:41.520Z"}
{"level":"info","message":"Server started on port 5000","timestamp":"2026-03-02T14:17:41.524Z"}
{"level":"info","message":"Starting server...","timestamp":"2026-03-02T14:17:54.389Z"}
{"level":"info","message":"Database connected","timestamp":"2026-03-02T14:17:54.482Z"}
{"level":"info","message":"Security middlewares loaded","timestamp":"2026-03-02T14:17:54.499Z"}
{"level":"info","message":"Routes mounted","timestamp":"2026-03-02T14:17:54.500Z"}
{"level":"info","message":"Server started on port 5000","timestamp":"2026-03-02T14:17:54.508Z"}
{"level":"info","message":"Starting server...","timestamp":"2026-03-02T14:17:57.076Z"}
{"level":"info","message":"Database connected","timestamp":"2026-03-02T14:17:57.145Z"}
{"level":"info","message":"Security middlewares loaded","timestamp":"2026-03-02T14:17:57.154Z"}
{"level":"info","message":"Routes mounted","timestamp":"2026-03-02T14:17:57.154Z"}
{"level":"info","message":"Server started on port 5000","timestamp":"2026-03-02T14:17:57.157Z"}
{"level":"info","message":"Starting server...","timestamp":"2026-03-02T14:18:00.665Z"}
{"level":"info","message":"Database connected","timestamp":"2026-03-02T14:18:00.734Z"}
{"level":"info","message":"Security middlewares loaded","timestamp":"2026-03-02T14:18:00.743Z"}
{"level":"info","message":"Routes mounted","timestamp":"2026-03-02T14:18:00.744Z"}
{"level":"info","message":"Server started on port 5000","timestamp":"2026-03-02T14:18:00.748Z"}
{"level":"info","message":"Starting server...","timestamp":"2026-03-02T14:18:07.446Z"}
{"level":"info","message":"Database connected","timestamp":"2026-03-02T14:18:07.508Z"}
{"level":"info","message":"Security middlewares loaded","timestamp":"2026-03-02T14:18:07.514Z"}
{"level":"info","message":"Routes mounted","timestamp":"2026-03-02T14:18:07.514Z"}
{"level":"info","message":"Server started on port 5000","timestamp":"2026-03-02T14:18:07.518Z"}
{"level":"info","message":"Starting server...","timestamp":"2026-03-02T14:18:09.981Z"}
{"level":"info","message":"Database connected","timestamp":"2026-03-02T14:18:10.058Z"}
{"level":"info","message":"Security middlewares loaded","timestamp":"2026-03-02T14:18:10.063Z"}
{"level":"info","message":"Routes mounted","timestamp":"2026-03-02T14:18:10.064Z"}
{"level":"info","message":"Server started on port 5000","timestamp":"2026-03-02T14:18:10.068Z"}
{"level":"info","message":"Starting server...","timestamp":"2026-03-02T14:18:15.096Z"}
{"level":"info","message":"Database connected","timestamp":"2026-03-02T14:18:15.178Z"}
{"level":"info","message":"Security middlewares loaded","timestamp":"2026-03-02T14:18:15.193Z"}
{"level":"info","message":"Routes mounted","timestamp":"2026-03-02T14:18:15.194Z"}
{"level":"info","message":"Server started on port 5000","timestamp":"2026-03-02T14:18:15.200Z"}
{"level":"info","message":"SIGINT received. Shutting down...","timestamp":"2026-03-02T14:18:25.499Z"}
{"level":"info","message":"Starting server...","timestamp":"2026-03-02T14:18:32.451Z"}
{"level":"info","message":"Database connected","timestamp":"2026-03-02T14:18:32.542Z"}
{"level":"info","message":"Security middlewares loaded","timestamp":"2026-03-02T14:18:32.550Z"}
{"level":"info","message":"Routes mounted","timestamp":"2026-03-02T14:18:32.551Z"}
{"level":"info","message":"Server started on port 5000","timestamp":"2026-03-02T14:18:32.555Z"}
{"level":"info","message":"SIGINT received. Shutting down...","timestamp":"2026-03-02T14:18:34.282Z"}
{"level":"info","message":"Starting server...","timestamp":"2026-03-18T10:09:26.583Z"}
{"level":"info","message":"Database connected","timestamp":"2026-03-18T10:09:26.674Z"}
{"level":"info","message":"Security middlewares loaded","timestamp":"2026-03-18T10:09:26.681Z"}
{"level":"info","message":"Routes mounted","timestamp":"2026-03-18T10:09:26.682Z"}
{"level":"info","message":"Server started on port 5000","timestamp":"2026-03-18T10:09:26.688Z"}
{"level":"info","message":"[b62b8288-0364-4d84-9e0a-cb674261aa87] GET /health 200 8.106 ms - 15","requestId":"b62b8288-0364-4d84-9e0a-cb674261aa87","timestamp":"2026-03-18T10:11:45.459Z"}
{"level":"info","message":"[a9b66e87-7eb8-4d9c-9ace-cd026979c8c2] GET /favicon.ico 404 5.739 ms - 150","requestId":"a9b66e87-7eb8-4d9c-9ace-cd026979c8c2","timestamp":"2026-03-18T10:11:45.634Z"}
{"level":"info","message":"SIGINT received. Shutting down...","timestamp":"2026-03-18T12:18:22.963Z"}
{"level":"info","message":"Starting server...","timestamp":"2026-03-18T19:50:03.721Z"}
{"level":"info","message":"Database connected","timestamp":"2026-03-18T19:50:03.771Z"}
{"level":"info","message":"Security middlewares loaded","timestamp":"2026-03-18T19:50:03.774Z"}
{"level":"info","message":"Routes mounted","timestamp":"2026-03-18T19:50:03.774Z"}
{"level":"info","message":"Server started on port 5000","timestamp":"2026-03-18T19:50:03.775Z"}
{"level":"info","message":"SIGINT received. Shutting down...","timestamp":"2026-03-18T19:52:40.095Z"}
{"level":"info","message":"Starting server...","timestamp":"2026-03-18T19:52:45.136Z"}
{"level":"info","message":"Database connected","timestamp":"2026-03-18T19:52:45.159Z"}
{"level":"info","message":"Security middlewares loaded","timestamp":"2026-03-18T19:52:45.162Z"}
{"level":"info","message":"Routes mounted","timestamp":"2026-03-18T19:52:45.162Z"}
{"level":"info","message":"Server started on port 5000","timestamp":"2026-03-18T19:52:45.164Z"}
{"level":"info","message":"SIGINT received. Shutting down...","timestamp":"2026-03-18T19:53:09.441Z"}
{"level":"info","message":"Starting server...","timestamp":"2026-03-18T19:54:40.001Z"}
{"level":"info","message":"Database connected","timestamp":"2026-03-18T19:54:40.030Z"}
{"level":"info","message":"Security middlewares loaded","timestamp":"2026-03-18T19:54:40.033Z"}
{"level":"info","message":"Routes mounted","timestamp":"2026-03-18T19:54:40.033Z"}
{"level":"info","message":"Server started on port 5000","timestamp":"2026-03-18T19:54:40.035Z"}
{"level":"info","message":"[51dac011-eb81-48ee-b4c3-7f7e005c6c1c] GET / 404 1.618 ms - 139","requestId":"51dac011-eb81-48ee-b4c3-7f7e005c6c1c","timestamp":"2026-03-18T19:55:13.526Z"}
{"level":"info","message":"[79913de4-b951-4af0-8343-41ce4636c1a4] GET /health 200 3.635 ms - 15","requestId":"79913de4-b951-4af0-8343-41ce4636c1a4","timestamp":"2026-03-18T19:55:19.271Z"}
{"level":"info","message":"[59db2354-fb6e-4777-8755-458e07a6dec1] GET /favicon.ico 404 0.873 ms - 150","requestId":"59db2354-fb6e-4777-8755-458e07a6dec1","timestamp":"2026-03-18T19:55:19.306Z"}
{"level":"info","message":"[073334e1-4064-4baa-b6de-e60e51aee295] GET /health 200 0.408 ms - 15","requestId":"073334e1-4064-4baa-b6de-e60e51aee295","timestamp":"2026-03-18T20:18:14.857Z"}
{"level":"info","message":"[1a24ceaf-a699-4afe-8ee4-c9e28e9ffd36] GET /health 200 0.286 ms - 15","requestId":"1a24ceaf-a699-4afe-8ee4-c9e28e9ffd36","timestamp":"2026-03-18T20:18:36.650Z"}
{"level":"info","message":"[34330972-1109-49d9-98de-c0f677900899] POST /products 201 25.741 ms - 320","requestId":"34330972-1109-49d9-98de-c0f677900899","timestamp":"2026-03-18T20:24:11.555Z"}
{"level":"info","message":"[c8524995-e802-476f-a94c-ad7568e1b8bd] POST /products 201 3.280 ms - 309","requestId":"c8524995-e802-476f-a94c-ad7568e1b8bd","timestamp":"2026-03-18T20:25:52.027Z"}
{"level":"info","message":"[d33ee648-766b-43d6-987e-ccf518838393] POST /products 201 2.057 ms - 302","requestId":"d33ee648-766b-43d6-987e-ccf518838393","timestamp":"2026-03-18T20:27:16.886Z"}
{"level":"info","message":"Starting server...","timestamp":"2026-03-18T20:31:54.693Z"}
{"level":"info","message":"Database connected","timestamp":"2026-03-18T20:31:54.746Z"}
{"level":"info","message":"Security middlewares loaded","timestamp":"2026-03-18T20:31:54.752Z"}
{"level":"info","message":"Routes mounted","timestamp":"2026-03-18T20:31:54.752Z"}
{"level":"info","message":"Server started on port 5000","timestamp":"2026-03-18T20:31:54.755Z"}
{"level":"info","message":"Starting server...","timestamp":"2026-03-18T20:31:57.460Z"}
{"level":"info","message":"Database connected","timestamp":"2026-03-18T20:31:57.494Z"}
{"level":"info","message":"Security middlewares loaded","timestamp":"2026-03-18T20:31:57.501Z"}
{"level":"info","message":"Routes mounted","timestamp":"2026-03-18T20:31:57.502Z"}
{"level":"info","message":"Server started on port 5000","timestamp":"2026-03-18T20:31:57.505Z"}
{"level":"info","message":"Starting server...","timestamp":"2026-03-18T20:32:02.110Z"}
{"level":"info","message":"Database connected","timestamp":"2026-03-18T20:32:02.186Z"}
{"level":"info","message":"Security middlewares loaded","timestamp":"2026-03-18T20:32:02.191Z"}
{"level":"info","message":"Routes mounted","timestamp":"2026-03-18T20:32:02.191Z"}
{"level":"info","message":"Server started on port 5000","timestamp":"2026-03-18T20:32:02.194Z"}
{"level":"info","message":"Starting server...","timestamp":"2026-03-18T20:32:05.312Z"}
{"level":"info","message":"Database connected","timestamp":"2026-03-18T20:32:05.340Z"}
{"level":"info","message":"Security middlewares loaded","timestamp":"2026-03-18T20:32:05.344Z"}
{"level":"info","message":"Routes mounted","timestamp":"2026-03-18T20:32:05.344Z"}
{"level":"info","message":"Server started on port 5000","timestamp":"2026-03-18T20:32:05.346Z"}
{"level":"info","message":"Starting server...","timestamp":"2026-03-18T20:32:09.081Z"}
{"level":"info","message":"Database connected","timestamp":"2026-03-18T20:32:09.106Z"}
{"level":"info","message":"Security middlewares loaded","timestamp":"2026-03-18T20:32:09.109Z"}
{"level":"info","message":"Routes mounted","timestamp":"2026-03-18T20:32:09.109Z"}
{"level":"info","message":"Server started on port 5000","timestamp":"2026-03-18T20:32:09.110Z"}
{"level":"info","message":"Starting server...","timestamp":"2026-03-18T20:32:13.676Z"}
{"level":"info","message":"Database connected","timestamp":"2026-03-18T20:32:13.706Z"}
{"level":"info","message":"Security middlewares loaded","timestamp":"2026-03-18T20:32:13.710Z"}
{"level":"info","message":"Routes mounted","timestamp":"2026-03-18T20:32:13.710Z"}
{"level":"info","message":"Server started on port 5000","timestamp":"2026-03-18T20:32:13.712Z"}
{"level":"info","message":"[30e40f18-3977-47ab-a977-b627eae5869f] GET /health 200 1.417 ms - 15","requestId":"30e40f18-3977-47ab-a977-b627eae5869f","timestamp":"2026-03-18T20:32:26.189Z"}
{"level":"info","message":"[e7699160-7e93-469d-af88-a50fad30de64] POST /products 201 18.503 ms - 338","requestId":"e7699160-7e93-469d-af88-a50fad30de64","timestamp":"2026-03-18T20:34:30.136Z"}
{"level":"info","message":"[d334b0e1-b8d4-478c-86ff-be11e3fac9a1] POST /products 201 5.442 ms - 329","requestId":"d334b0e1-b8d4-478c-86ff-be11e3fac9a1","timestamp":"2026-03-18T20:36:23.423Z"}
{"level":"info","message":"[f9729def-5682-4244-b43d-33036b7b4448] POST /products 201 3.186 ms - 318","requestId":"f9729def-5682-4244-b43d-33036b7b4448","timestamp":"2026-03-18T20:37:46.381Z"}
{"level":"info","message":"[85c6fa54-820c-4923-a9f8-8bd38776ae21] POST /products 400 2.679 ms - 212","requestId":"85c6fa54-820c-4923-a9f8-8bd38776ae21","timestamp":"2026-03-18T20:38:51.369Z"}
{"level":"info","message":"[df6eefb2-97f8-402b-a4a1-830af380dd45] POST /products 201 2.951 ms - 330","requestId":"df6eefb2-97f8-402b-a4a1-830af380dd45","timestamp":"2026-03-18T20:40:30.924Z"}
{"level":"info","message":"[b1e392bc-66a7-4448-a2bd-54f0dbb18a85] POST /products 201 2.710 ms - 313","requestId":"b1e392bc-66a7-4448-a2bd-54f0dbb18a85","timestamp":"2026-03-18T20:41:56.509Z"}
{"level":"info","message":"[67a7006d-8f62-400c-85bc-e93837ddffbb] POST /products 201 1.806 ms - 316","requestId":"67a7006d-8f62-400c-85bc-e93837ddffbb","timestamp":"2026-03-18T20:43:15.810Z"}
{"level":"info","message":"[e11c962e-c200-47e9-a3a1-c021fe9d9889] POST /products 400 0.628 ms - 212","requestId":"e11c962e-c200-47e9-a3a1-c021fe9d9889","timestamp":"2026-03-18T20:44:38.788Z"}
{"level":"info","message":"[36866d65-a367-4eb7-95c8-973b0e4b0828] GET /products 200 82.051 ms - 3003","requestId":"36866d65-a367-4eb7-95c8-973b0e4b0828","timestamp":"2026-03-18T20:44:46.762Z"}
{"level":"info","message":"[26571c3e-c3d4-4d41-811d-2ddf7a3e98c9] GET /products 200 5.932 ms - 3003","requestId":"26571c3e-c3d4-4d41-811d-2ddf7a3e98c9","timestamp":"2026-03-18T20:46:36.662Z"}
{"level":"info","message":"[0cc8eebc-7d81-4731-98f1-87686cb0f7c3] DELETE /products/69bb0aa43f79eaf36557459f 200 13.202 ms - 324","requestId":"0cc8eebc-7d81-4731-98f1-87686cb0f7c3","timestamp":"2026-03-18T20:51:07.347Z"}
{"level":"info","message":"[bc6fd7df-443c-4cb3-98a2-4adf43ec90c5] GET /products 200 4.437 ms - 2999","requestId":"bc6fd7df-443c-4cb3-98a2-4adf43ec90c5","timestamp":"2026-03-18T20:51:25.775Z"}
{"level":"info","message":"[9a9186a6-6735-4703-9146-d00535286837] DELETE /products/69bb0a503f79eaf36557459d 200 1.907 ms - 331","requestId":"9a9186a6-6735-4703-9146-d00535286837","timestamp":"2026-03-18T20:51:53.018Z"}
{"level":"info","message":"[8d1a51c6-d5b7-40d9-8ccd-04930a1b10ec] GET /products 200 4.681 ms - 2988","requestId":"8d1a51c6-d5b7-40d9-8ccd-04930a1b10ec","timestamp":"2026-03-18T20:52:09.797Z"}
{"level":"info","message":"[181edf69-f02d-4925-b786-72052462e304] DELETE /products/69a597486afd6a7a23f15363 200 2.648 ms - 320","requestId":"181edf69-f02d-4925-b786-72052462e304","timestamp":"2026-03-18T20:52:45.841Z"}
{"level":"info","message":"[d5cede9d-1810-4399-bd13-cd1f64abef00] GET /products 200 3.996 ms - 2988","requestId":"d5cede9d-1810-4399-bd13-cd1f64abef00","timestamp":"2026-03-18T20:53:00.336Z"}
{"level":"info","message":"[23294f1d-420d-4b82-9bd0-36b5a3d13d45] DELETE /products/69bb09eb3f79eaf36557459b 200 3.776 ms - 342","requestId":"23294f1d-420d-4b82-9bd0-36b5a3d13d45","timestamp":"2026-03-18T20:53:29.340Z"}
{"level":"info","message":"[01a2daa4-dec2-40fd-a576-8c6e01d88080] GET /products 200 4.052 ms - 2965","requestId":"01a2daa4-dec2-40fd-a576-8c6e01d88080","timestamp":"2026-03-18T20:53:39.267Z"}
{"level":"info","message":"[6b4bf1d1-c726-4920-a3b0-1019e1b2d961] DELETE /products/69a5392725cdb47b9236eb33 200 2.235 ms - 319","requestId":"6b4bf1d1-c726-4920-a3b0-1019e1b2d961","timestamp":"2026-03-18T20:53:58.590Z"}
{"level":"info","message":"[5c25e9b3-835a-4e9f-a84a-99ffd11fff7e] GET /products 200 4.216 ms - 2978","requestId":"5c25e9b3-835a-4e9f-a84a-99ffd11fff7e","timestamp":"2026-03-18T20:54:12.032Z"}
{"level":"info","message":"[b2eb682a-3854-401e-a472-0b6b3606ec6b] DELETE /products/69a596846afd6a7a23f15361 200 2.275 ms - 320","requestId":"b2eb682a-3854-401e-a472-0b6b3606ec6b","timestamp":"2026-03-18T20:55:14.089Z"}
{"level":"info","message":"[8bf7aabe-2002-41ff-a543-394f82dcee3a] GET /products 200 3.523 ms - 2702","requestId":"8bf7aabe-2002-41ff-a543-394f82dcee3a","timestamp":"2026-03-18T20:55:27.017Z"}
{"level":"info","message":"[80de45cb-e95d-424e-8db2-8580260d35cd] DELETE /products/69a597a26afd6a7a23f15365 200 1.709 ms - 320","requestId":"80de45cb-e95d-424e-8db2-8580260d35cd","timestamp":"2026-03-18T20:55:46.413Z"}
{"level":"info","message":"[68ad5afb-3b76-4511-b65c-2e1147213ea4] GET /products 200 3.707 ms - 2427","requestId":"68ad5afb-3b76-4511-b65c-2e1147213ea4","timestamp":"2026-03-18T20:55:58.343Z"}
{"level":"info","message":"[c1ec0b4d-de6d-438d-8045-374edfbc9dcb] DELETE /products/69a599836afd6a7a23f1537b 200 2.492 ms - 320","requestId":"c1ec0b4d-de6d-438d-8045-374edfbc9dcb","timestamp":"2026-03-18T20:56:25.403Z"}
{"level":"info","message":"[a5fa58d9-08e8-461d-865c-4cc6c2ecaad8] GET /products 200 3.783 ms - 2152","requestId":"a5fa58d9-08e8-461d-865c-4cc6c2ecaad8","timestamp":"2026-03-18T20:56:36.674Z"}
{"level":"info","message":"[3badfe33-4214-4e26-b765-9d2ed9d211a6] DELETE /products/699ff66b0cb32f5d80799f5e 200 2.392 ms - 332","requestId":"3badfe33-4214-4e26-b765-9d2ed9d211a6","timestamp":"2026-03-18T20:59:40.207Z"}
{"level":"info","message":"[bb5ee900-4f99-4081-a71f-cb613accf844] GET /products 200 3.450 ms - 1865","requestId":"bb5ee900-4f99-4081-a71f-cb613accf844","timestamp":"2026-03-18T20:59:52.734Z"}
{"level":"info","message":"[5826862e-a9a9-4e3f-936b-7042f4512b3b] GET /products?search=apple 200 6.933 ms - 664","requestId":"5826862e-a9a9-4e3f-936b-7042f4512b3b","timestamp":"2026-03-18T21:02:13.837Z"}
{"level":"info","message":"[944f447e-1d7c-471f-b079-7ba02dac28b1] GET /products?minPrice=500 200 5.654 ms - 987","requestId":"944f447e-1d7c-471f-b079-7ba02dac28b1","timestamp":"2026-03-18T21:03:30.699Z"}
{"level":"info","message":"[e09cbe78-6800-43bf-84be-e57d81934748] GET /products?minPrice=500&maxPrice=1000 200 2.926 ms - 672","requestId":"e09cbe78-6800-43bf-84be-e57d81934748","timestamp":"2026-03-18T21:04:48.454Z"}
{"level":"info","message":"[5b4330ab-6f8d-41a2-9a04-050fd6621546] GET /products?tags=apple 200 5.841 ms - 664","requestId":"5b4330ab-6f8d-41a2-9a04-050fd6621546","timestamp":"2026-03-18T21:05:42.263Z"}
{"level":"info","message":"[8dc122b9-13e4-4ae3-a7ef-9a9ddb5c3284] GET /products?sort=price:asc 200 2.923 ms - 1865","requestId":"8dc122b9-13e4-4ae3-a7ef-9a9ddb5c3284","timestamp":"2026-03-18T21:06:52.576Z"}
{"level":"info","message":"[383476e6-0a37-4522-ad31-d78fd88aecc2] GET /products?sort=price:desc 200 3.101 ms - 1865","requestId":"383476e6-0a37-4522-ad31-d78fd88aecc2","timestamp":"2026-03-18T21:07:49.732Z"}
{"level":"info","message":"[d5e34394-01fa-4caa-9e0a-01c9c9fd9b09] GET /products?page=1&limit=2 200 2.516 ms - 642","requestId":"d5e34394-01fa-4caa-9e0a-01c9c9fd9b09","timestamp":"2026-03-18T21:09:00.725Z"}
{"level":"info","message":"[aa7496ba-e151-4cac-9e2e-15d35776965a] GET /products?page=1&limit=2 200 2.382 ms - 642","requestId":"aa7496ba-e151-4cac-9e2e-15d35776965a","timestamp":"2026-03-18T21:09:34.807Z"}
{"level":"info","message":"[1047535b-40e6-459d-8ade-952ad6c225a5] GET /products?page=2&limit=2 200 2.685 ms - 661","requestId":"1047535b-40e6-459d-8ade-952ad6c225a5","timestamp":"2026-03-18T21:10:07.415Z"}
{"level":"info","message":"[6eb55295-27b6-443b-918d-f98377d23000] GET /products?search=apple&minPrice=300&sort=price:desc&page=1&limit=2 200 3.391 ms - 664","requestId":"6eb55295-27b6-443b-918d-f98377d23000","timestamp":"2026-03-18T21:11:12.734Z"}
{"level":"info","message":"[e99f40f8-62f9-4afe-82c8-6de0fb957ee3] GET /products?minPrice=abc 500 12.402 ms - 218","requestId":"e99f40f8-62f9-4afe-82c8-6de0fb957ee3","timestamp":"2026-03-18T21:12:52.029Z"}
{"level":"info","message":"[287b34f1-0cde-453b-b0bc-4c3bced95fbe] GET /products/69bb0cc796d334b2720e2a43 200 27.215 ms - 329","requestId":"287b34f1-0cde-453b-b0bc-4c3bced95fbe","timestamp":"2026-03-18T21:17:30.149Z"}
{"level":"info","message":"[9922784d-f470-487d-9d8f-1e1d7fef67ab] PUT /products/69bb0cc796d334b2720e2a43 200 17.770 ms - 329","requestId":"9922784d-f470-487d-9d8f-1e1d7fef67ab","timestamp":"2026-03-18T21:18:01.455Z"}
{"level":"info","message":"[bca18e04-5cc4-4e4a-b5c2-a34e2e724739] PUT /products/69bb0cc796d334b2720e2a43 200 10.985 ms - 329","requestId":"bca18e04-5cc4-4e4a-b5c2-a34e2e724739","timestamp":"2026-03-18T21:18:09.392Z"}
{"level":"info","message":"[4b1c06d0-bc55-4a3c-8927-9c768ff405c4] GET /products 200 21.135 ms - 1865","requestId":"4b1c06d0-bc55-4a3c-8927-9c768ff405c4","timestamp":"2026-03-18T21:18:23.429Z"}
{"level":"info","message":"SIGINT received. Shutting down...","timestamp":"2026-03-18T21:19:12.783Z"}
{"level":"info","message":"Starting server...","timestamp":"2026-03-19T06:56:31.231Z"}
{"level":"info","message":"Database connected","timestamp":"2026-03-19T06:56:31.287Z"}
{"level":"info","message":"Security middlewares loaded","timestamp":"2026-03-19T06:56:31.293Z"}
{"level":"info","message":"Routes mounted","timestamp":"2026-03-19T06:56:31.293Z"}
{"level":"info","message":"Server started on port 5000","timestamp":"2026-03-19T06:56:31.296Z"}
{"level":"info","message":"[9f60619c-9857-4280-9845-082045205bbd] GET /products?includeDeleted=True 200 35.407 ms - 3091","requestId":"9f60619c-9857-4280-9845-082045205bbd","timestamp":"2026-03-19T06:58:03.293Z"}
{"level":"info","message":"[2e6b81f6-b30d-4572-9424-fee998016077] POST /products/send-email 202 6.603 ms - 65","requestId":"2e6b81f6-b30d-4572-9424-fee998016077","timestamp":"2026-03-19T07:00:39.329Z"}
{"level":"info","message":"Processing email job: 3","timestamp":"2026-03-19T07:00:39.332Z"}
{"level":"info","message":"Email sent to test@example.com with subject: Welcome Email","timestamp":"2026-03-19T07:00:41.333Z"}
{"level":"info","message":"Job 3 completed successfully","timestamp":"2026-03-19T07:00:41.341Z"}
{"level":"info","message":"[169adb56-d520-405b-a29a-d35ad2a59696] POST /products/send-email 202 3.355 ms - 65","requestId":"169adb56-d520-405b-a29a-d35ad2a59696","timestamp":"2026-03-19T07:01:14.105Z"}
{"level":"info","message":"Processing email job: 4","timestamp":"2026-03-19T07:01:14.106Z"}
{"level":"info","message":"Email sent to test@example.com with subject: Welcome Email","timestamp":"2026-03-19T07:01:16.106Z"}
{"level":"info","message":"Job 4 completed successfully","timestamp":"2026-03-19T07:01:16.109Z"}
{"level":"info","message":"[e6e6ccd6-ebab-42f7-885d-b831d9230c9d] GET /products 200 41.255 ms - 1865","requestId":"e6e6ccd6-ebab-42f7-885d-b831d9230c9d","timestamp":"2026-03-19T07:02:11.664Z"}
{"level":"info","message":"[f4348749-bc03-4eb5-8406-4eaa8467236c] GET /products 200 11.596 ms - 1865","requestId":"f4348749-bc03-4eb5-8406-4eaa8467236c","timestamp":"2026-03-19T07:02:27.316Z"}
{"level":"info","message":"[030624e9-4a49-4828-8bd2-2d0298c06a3b] GET /products 200 8.325 ms - 1865","requestId":"030624e9-4a49-4828-8bd2-2d0298c06a3b","timestamp":"2026-03-19T07:02:50.043Z"}
{"level":"info","message":"Starting server...","timestamp":"2026-03-19T07:03:47.299Z"}
{"level":"info","message":"Database connected","timestamp":"2026-03-19T07:03:47.429Z"}
{"level":"info","message":"Security middlewares loaded","timestamp":"2026-03-19T07:03:47.443Z"}
{"level":"info","message":"Routes mounted","timestamp":"2026-03-19T07:03:47.444Z"}
{"level":"info","message":"Server started on port 5000","timestamp":"2026-03-19T07:03:47.452Z"}
{"level":"info","message":"[fbb53eda-6175-4963-aeae-77feff70ae03] GET /health 304 4.695 ms -","requestId":"fbb53eda-6175-4963-aeae-77feff70ae03","timestamp":"2026-03-19T07:03:54.745Z"}
{"level":"info","message":"[6a922821-22a8-4c56-9c45-63d889acfea2] GET /favicon.ico 404 4.827 ms - 150","requestId":"6a922821-22a8-4c56-9c45-63d889acfea2","timestamp":"2026-03-19T07:03:54.907Z"}
{"level":"info","message":"[3ee5c12e-3ab6-428a-b557-61b89e037240] GET /health 304 1.001 ms -","requestId":"3ee5c12e-3ab6-428a-b557-61b89e037240","timestamp":"2026-03-19T07:04:00.365Z"}
{"level":"info","message":"[ee0ac44e-4041-4ff7-a022-04e39946262e] GET /favicon.ico 404 1.910 ms - 150","requestId":"ee0ac44e-4041-4ff7-a022-04e39946262e","timestamp":"2026-03-19T07:04:00.438Z"}
{"level":"info","message":"[060e6245-37fc-4a1d-af9a-7d8498e225e6] GET /health 304 0.831 ms -","requestId":"060e6245-37fc-4a1d-af9a-7d8498e225e6","timestamp":"2026-03-19T07:04:01.251Z"}
{"level":"info","message":"[e5711e8d-7a88-470f-ab3e-9f5e37ada06f] GET /favicon.ico 404 0.818 ms - 150","requestId":"e5711e8d-7a88-470f-ab3e-9f5e37ada06f","timestamp":"2026-03-19T07:04:01.309Z"}
{"level":"info","message":"[ada17cb3-e4a4-4025-88d6-34b9bd9ee091] GET /health 304 0.543 ms -","requestId":"ada17cb3-e4a4-4025-88d6-34b9bd9ee091","timestamp":"2026-03-19T07:04:02.102Z"}
{"level":"info","message":"[23e6f2c5-c5e0-471a-972c-e61286256e48] GET /favicon.ico 404 0.971 ms - 150","requestId":"23e6f2c5-c5e0-471a-972c-e61286256e48","timestamp":"2026-03-19T07:04:02.167Z"}
{"level":"info","message":"[2aa84d8a-05ee-455e-aa9a-37f878b95f48] GET /health 304 0.550 ms -","requestId":"2aa84d8a-05ee-455e-aa9a-37f878b95f48","timestamp":"2026-03-19T07:04:03.004Z"}
{"level":"info","message":"[b44b0534-25af-4192-93f9-7d1ec9369eb5] GET /favicon.ico 404 0.878 ms - 150","requestId":"b44b0534-25af-4192-93f9-7d1ec9369eb5","timestamp":"2026-03-19T07:04:03.071Z"}
{"level":"info","message":"Starting server...","timestamp":"2026-03-19T07:04:15.703Z"}
{"level":"info","message":"Database connected","timestamp":"2026-03-19T07:04:15.775Z"}
{"level":"info","message":"Security middlewares loaded","timestamp":"2026-03-19T07:04:15.793Z"}
{"level":"info","message":"Routes mounted","timestamp":"2026-03-19T07:04:15.794Z"}
{"level":"info","message":"Server started on port 5000","timestamp":"2026-03-19T07:04:15.801Z"}
{"level":"info","message":"[cdfcead0-68b5-4bd4-9205-dc08d31ea4e7] POST /products 400 6.558 ms - 140","requestId":"cdfcead0-68b5-4bd4-9205-dc08d31ea4e7","timestamp":"2026-03-19T07:07:38.519Z"}
{"level":"info","message":"[88a3de5d-30c6-4e77-9d14-b70cc504c0dd] POST /products 201 36.657 ms - 304","requestId":"88a3de5d-30c6-4e77-9d14-b70cc504c0dd","timestamp":"2026-03-19T07:08:44.090Z"}
{"level":"info","message":"SIGINT received. Shutting down...","timestamp":"2026-03-19T07:12:13.252Z"}
{"level":"info","message":"Starting server...","timestamp":"2026-03-19T07:13:49.925Z"}
{"level":"info","message":"Database connected","timestamp":"2026-03-19T07:13:49.976Z"}
{"level":"info","message":"Security middlewares loaded","timestamp":"2026-03-19T07:13:49.981Z"}
{"level":"info","message":"Routes mounted","timestamp":"2026-03-19T07:13:49.982Z"}
{"level":"info","message":"Server started on port 5000","timestamp":"2026-03-19T07:13:49.985Z"}
{"level":"info","message":"[7575a3f1-3c73-4798-b1e4-e2677ae793f6] POST /products 201 26.613 ms - 304","requestId":"7575a3f1-3c73-4798-b1e4-e2677ae793f6","timestamp":"2026-03-19T07:13:56.682Z"}
{"level":"info","message":"[706b5790-f780-4973-a25e-dda8c83a1531] POST /products 201 7.713 ms - 304","requestId":"706b5790-f780-4973-a25e-dda8c83a1531","timestamp":"2026-03-19T07:13:58.857Z"}
{"level":"info","message":"[1377e14a-e47c-4f7b-9bf1-e8625d25fe17] POST /products 201 8.039 ms - 304","requestId":"1377e14a-e47c-4f7b-9bf1-e8625d25fe17","timestamp":"2026-03-19T07:16:43.284Z"}
{"level":"info","message":"[f6f8e571-d668-40b6-a055-ff24c44e9284] GET /products 200 28.933 ms - 2990","requestId":"f6f8e571-d668-40b6-a055-ff24c44e9284","timestamp":"2026-03-19T07:24:04.325Z"}
{"level":"info","message":"[d3139551-5981-43e6-b28d-f8f6468ba8fe] DELETE /products/69bba2dbd23af229ad6a6905 200 16.028 ms - 326","requestId":"d3139551-5981-43e6-b28d-f8f6468ba8fe","timestamp":"2026-03-19T07:25:40.321Z"}
{"level":"info","message":"[6293e29b-a97f-4fec-991a-c4293afe51ce] GET /products 200 7.921 ms - 2708","requestId":"6293e29b-a97f-4fec-991a-c4293afe51ce","timestamp":"2026-03-19T07:26:00.362Z"}
{"level":"info","message":"[9cc043fc-1d2c-4591-a59f-044a838b23bd] DELETE /products/69bba236d23af229ad6a6903 200 4.550 ms - 326","requestId":"9cc043fc-1d2c-4591-a59f-044a838b23bd","timestamp":"2026-03-19T07:26:23.813Z"}
{"level":"info","message":"[511ed81c-4f7d-4a5d-9182-69e2a809fc60] GET /products 200 7.790 ms - 2427","requestId":"511ed81c-4f7d-4a5d-9182-69e2a809fc60","timestamp":"2026-03-19T07:26:37.757Z"}
{"level":"info","message":"[ca1434bc-6155-4fd6-b2c2-869d3f799f35] DELETE /products/69bba0fc89c607ef55e61e7b 200 5.333 ms - 326","requestId":"ca1434bc-6155-4fd6-b2c2-869d3f799f35","timestamp":"2026-03-19T07:27:00.023Z"}
{"level":"info","message":"[d1743715-a0f6-4cbb-bd9e-3663f9c13041] GET /products/69bba0fc89c607ef55e61e7b 404 9.696 ms - 157","requestId":"d1743715-a0f6-4cbb-bd9e-3663f9c13041","timestamp":"2026-03-19T07:27:10.633Z"}
{"level":"info","message":"[9a2b84ae-88b4-4dcd-8851-3f07c0e493a2] GET /products 200 8.941 ms - 2146","requestId":"9a2b84ae-88b4-4dcd-8851-3f07c0e493a2","timestamp":"2026-03-19T07:27:52.713Z"}
{"level":"info","message":"[7c7fa8c2-ce21-4cde-9b09-da5883477c00] DELETE /products/69bba234d23af229ad6a6901 200 4.461 ms - 326","requestId":"7c7fa8c2-ce21-4cde-9b09-da5883477c00","timestamp":"2026-03-19T07:28:11.550Z"}
{"level":"info","message":"[a9ce75a1-8ddf-486c-bea6-207bfa7ce025] GET /products 200 7.332 ms - 1865","requestId":"a9ce75a1-8ddf-486c-bea6-207bfa7ce025","timestamp":"2026-03-19T07:28:44.459Z"}
{"level":"info","message":"[7d036012-b9ea-4cc9-adf7-7b07b2293fbe] GET /products?price=100&price=1000 200 7.756 ms - 1865","requestId":"7d036012-b9ea-4cc9-adf7-7b07b2293fbe","timestamp":"2026-03-19T07:30:04.766Z"}
{"level":"info","message":"[7e8df2a6-ff12-4501-9f42-fbbdc20eae99] GET /products?price=500&price=1000 200 4.866 ms - 1865","requestId":"7e8df2a6-ff12-4501-9f42-fbbdc20eae99","timestamp":"2026-03-19T07:32:11.662Z"}
{"level":"info","message":"[1b255af0-1727-4635-8282-d3bb3680923f] GET /products 200 6.265 ms - 1865","requestId":"1b255af0-1727-4635-8282-d3bb3680923f","timestamp":"2026-03-19T07:32:27.992Z"}
{"level":"info","message":"[72d0d7a6-1c3f-44a3-8368-e7ad6a3d3dfb] GET /products?price=400 200 6.458 ms - 1865","requestId":"72d0d7a6-1c3f-44a3-8368-e7ad6a3d3dfb","timestamp":"2026-03-19T07:35:40.203Z"}
{"level":"info","message":"[6d600707-fc43-482e-b925-a32e60a795d5] GET /products?price=400 200 7.567 ms - 1865","requestId":"6d600707-fc43-482e-b925-a32e60a795d5","timestamp":"2026-03-19T07:35:43.062Z"}
{"level":"info","message":"[fc85b24b-6891-4ffe-8c71-7efee3448d23] GET /products?minprice=400 200 7.103 ms - 1865","requestId":"fc85b24b-6891-4ffe-8c71-7efee3448d23","timestamp":"2026-03-19T07:36:18.599Z"}
{"level":"info","message":"[7cc07104-2070-4942-baff-51c55da0560d] GET /products?minPrice=500 200 6.250 ms - 987","requestId":"7cc07104-2070-4942-baff-51c55da0560d","timestamp":"2026-03-19T07:36:36.645Z"}
{"level":"info","message":"[2be5e1ae-e0a9-49f5-9399-6b21e2a2a55c] GET /products?minPrice=400 200 5.467 ms - 1277","requestId":"2be5e1ae-e0a9-49f5-9399-6b21e2a2a55c","timestamp":"2026-03-19T07:36:53.821Z"}
{"level":"info","message":"[172d749f-8e47-49d6-bc40-b269fbc30b50] GET /products?Price=400 200 5.447 ms - 1865","requestId":"172d749f-8e47-49d6-bc40-b269fbc30b50","timestamp":"2026-03-19T07:37:03.638Z"}
{"level":"info","message":"[a60c0e4a-228b-4cb4-bc37-85e8f7c5f7c8] GET /products?minPrice=400&minPrice=800 200 7.637 ms - 987","requestId":"a60c0e4a-228b-4cb4-bc37-85e8f7c5f7c8","timestamp":"2026-03-19T07:37:53.623Z"}
{"level":"info","message":"[0e252a39-462b-4387-a746-b6a994717243] GET /products?minPrice=400&minPrice=100 200 6.158 ms - 1865","requestId":"0e252a39-462b-4387-a746-b6a994717243","timestamp":"2026-03-19T07:38:10.289Z"}
{"level":"info","message":"[6aaf89d8-baaa-47e2-a053-035b3eb7ec5c] GET /products?minPrice=400&minPrice=100 200 7.262 ms - 1865","requestId":"6aaf89d8-baaa-47e2-a053-035b3eb7ec5c","timestamp":"2026-03-19T07:40:44.371Z"}
{"level":"info","message":"[c11f2881-ae1a-40fb-814e-d3534148b2f6] GET /products 200 7.215 ms - 1865","requestId":"c11f2881-ae1a-40fb-814e-d3534148b2f6","timestamp":"2026-03-19T07:42:49.007Z"}
{"level":"info","message":"[f6819f14-0ac5-44af-8673-91c42f573c74] POST /products 400 4.696 ms - 189","requestId":"f6819f14-0ac5-44af-8673-91c42f573c74","timestamp":"2026-03-19T07:42:58.822Z"}
{"level":"info","message":"Starting server...","timestamp":"2026-03-19T07:56:41.524Z"}
{"level":"info","message":"Database connected","timestamp":"2026-03-19T07:56:41.597Z"}
{"level":"info","message":"Security middlewares loaded","timestamp":"2026-03-19T07:56:41.619Z"}
{"level":"info","message":"Routes mounted","timestamp":"2026-03-19T07:56:41.620Z"}
{"level":"info","message":"Server started on port 5000","timestamp":"2026-03-19T07:56:41.632Z"}
{"level":"info","message":"Starting server...","timestamp":"2026-03-19T07:56:46.992Z"}
{"level":"info","message":"Database connected","timestamp":"2026-03-19T07:56:47.053Z"}
{"level":"info","message":"Security middlewares loaded","timestamp":"2026-03-19T07:56:47.059Z"}
{"level":"info","message":"Routes mounted","timestamp":"2026-03-19T07:56:47.059Z"}
{"level":"info","message":"Server started on port 5000","timestamp":"2026-03-19T07:56:47.062Z"}
{"level":"info","message":"Starting server...","timestamp":"2026-03-19T07:56:48.515Z"}
{"level":"info","message":"Database connected","timestamp":"2026-03-19T07:56:48.621Z"}
{"level":"info","message":"Security middlewares loaded","timestamp":"2026-03-19T07:56:48.632Z"}
{"level":"info","message":"Routes mounted","timestamp":"2026-03-19T07:56:48.633Z"}
{"level":"info","message":"Server started on port 5000","timestamp":"2026-03-19T07:56:48.636Z"}
{"level":"info","message":"[fa0bbecd-3ace-4d5c-8e67-c6259175351c] POST /products 400 7.992 ms - 171","requestId":"fa0bbecd-3ace-4d5c-8e67-c6259175351c","timestamp":"2026-03-19T08:06:34.484Z"}
{"level":"info","message":"[e4060316-cbf2-4a82-aa9c-1ad04b132672] POST /products 201 15.861 ms - 308","requestId":"e4060316-cbf2-4a82-aa9c-1ad04b132672","timestamp":"2026-03-19T08:06:50.509Z"}
{"level":"info","message":"SIGINT received. Shutting down...","timestamp":"2026-03-19T08:08:56.624Z"}
{"level":"info","message":"Starting server...","timestamp":"2026-03-19T08:09:03.237Z"}
{"level":"info","message":"Database connected","timestamp":"2026-03-19T08:09:03.331Z"}
{"level":"info","message":"Security middlewares loaded","timestamp":"2026-03-19T08:09:03.347Z"}
{"level":"info","message":"Routes mounted","timestamp":"2026-03-19T08:09:03.347Z"}
{"level":"info","message":"Server started on port 5000","timestamp":"2026-03-19T08:09:03.350Z"}
{"level":"info","message":"[a6a05084-04f9-4498-afda-9bacb9a14e39] POST /products 400 7.774 ms - 140","requestId":"a6a05084-04f9-4498-afda-9bacb9a14e39","timestamp":"2026-03-19T08:38:57.262Z"}
{"level":"info","message":"[c1101028-e893-4487-a7f5-4cd938c7ad32] GET /products?price[$gt]=0 200 22.478 ms - 2150","requestId":"c1101028-e893-4487-a7f5-4cd938c7ad32","timestamp":"2026-03-19T08:44:04.064Z"}
{"level":"info","message":"[a2afae7c-b354-4b7a-a3e0-e81ba373a368] GET /products?minPrice[$gt]=0 500 17.989 ms - 221","requestId":"a2afae7c-b354-4b7a-a3e0-e81ba373a368","timestamp":"2026-03-19T08:46:53.629Z"}
{"level":"info","message":"[d1c1ad69-8f59-4788-901b-7d5261800bef] GET /products?minPrice[$gt]=20 500 2.361 ms - 222","requestId":"d1c1ad69-8f59-4788-901b-7d5261800bef","timestamp":"2026-03-19T08:48:54.177Z"}
{"level":"info","message":"[febbd5fa-ebbb-40ff-8fad-8127ff76789e] GET /products?minPrice[$gt]=0 500 1.330 ms - 221","requestId":"febbd5fa-ebbb-40ff-8fad-8127ff76789e","timestamp":"2026-03-19T08:50:34.284Z"}
{"level":"info","message":"[0e089b3e-1a05-4fb1-a245-c3c7afe6c4bf] GET /products?price[$gt]=0 200 8.269 ms - 2150","requestId":"0e089b3e-1a05-4fb1-a245-c3c7afe6c4bf","timestamp":"2026-03-19T08:53:15.690Z"}
{"level":"info","message":"[15e45a4b-a260-4ca2-9fb6-5c13b8bcaf8a] POST /products 400 1.160 ms - 140","requestId":"15e45a4b-a260-4ca2-9fb6-5c13b8bcaf8a","timestamp":"2026-03-19T08:54:14.231Z"}
{"level":"info","message":"Starting server...","timestamp":"2026-03-19T09:03:59.754Z"}
{"level":"info","message":"Database connected","timestamp":"2026-03-19T09:03:59.813Z"}
{"level":"info","message":"Security middlewares loaded","timestamp":"2026-03-19T09:03:59.818Z"}
{"level":"info","message":"Routes mounted","timestamp":"2026-03-19T09:03:59.818Z"}
{"level":"info","message":"Server started on port 5000","timestamp":"2026-03-19T09:03:59.822Z"}
{"level":"info","message":"Starting server...","timestamp":"2026-03-19T09:04:03.234Z"}
{"level":"info","message":"Database connected","timestamp":"2026-03-19T09:04:03.297Z"}
{"level":"info","message":"Security middlewares loaded","timestamp":"2026-03-19T09:04:03.309Z"}
{"level":"info","message":"Routes mounted","timestamp":"2026-03-19T09:04:03.310Z"}
{"level":"info","message":"Server started on port 5000","timestamp":"2026-03-19T09:04:03.313Z"}
{"level":"info","message":"[575bb7a9-0fbb-4b21-a8cd-836a12238863] GET /products?minPrice=500 200 28.776 ms - 987","requestId":"575bb7a9-0fbb-4b21-a8cd-836a12238863","timestamp":"2026-03-19T09:04:15.770Z"}
{"level":"info","message":"[5de782f7-4c59-423d-b428-e67ef50a883b] GET /products?minPrice=500&maxPrice=1000 200 8.132 ms - 672","requestId":"5de782f7-4c59-423d-b428-e67ef50a883b","timestamp":"2026-03-19T09:04:27.335Z"}
{"level":"info","message":"[c7c315d9-13f9-4dd6-ac0a-ae87d156e3da] GET /products?minPrice[$gt]=0 200 8.257 ms - 2150","requestId":"c7c315d9-13f9-4dd6-ac0a-ae87d156e3da","timestamp":"2026-03-19T09:05:40.834Z"}
{"level":"info","message":"[0761ab38-db8a-4294-b270-2779a5fe20ac] GET /products?minPrice[$gt]=1000 200 10.050 ms - 2150","requestId":"0761ab38-db8a-4294-b270-2779a5fe20ac","timestamp":"2026-03-19T09:06:01.829Z"}
{"level":"info","message":"[e142aa26-61a2-46a5-851a-5b86434e9c8c] GET /products?minPrice[$gt]=1000 200 9.382 ms - 2150","requestId":"e142aa26-61a2-46a5-851a-5b86434e9c8c","timestamp":"2026-03-19T09:06:15.387Z"}
{"level":"info","message":"[50e89c2a-2a54-47d9-aba7-099f364fe471] GET /products?minPrice=1000 200 6.255 ms - 374","requestId":"50e89c2a-2a54-47d9-aba7-099f364fe471","timestamp":"2026-03-19T09:07:05.168Z"}
{"level":"info","message":"[8923dbb5-a656-43cf-a075-5676147744a2] GET /products?minPrice[$gt]=1000 200 7.783 ms - 2150","requestId":"8923dbb5-a656-43cf-a075-5676147744a2","timestamp":"2026-03-19T09:07:22.313Z"}
{"level":"info","message":"[55178af0-5ec8-45bc-8d38-0ad5e8fb85b8] GET /products?minPrice[$gt]=0 200 10.510 ms - 2150","requestId":"55178af0-5ec8-45bc-8d38-0ad5e8fb85b8","timestamp":"2026-03-19T09:12:10.339Z"}
{"level":"info","message":"Starting server...","timestamp":"2026-03-19T09:16:42.837Z"}
{"level":"info","message":"Database connected","timestamp":"2026-03-19T09:16:42.904Z"}
{"level":"info","message":"Security middlewares loaded","timestamp":"2026-03-19T09:16:42.911Z"}
{"level":"info","message":"Routes mounted","timestamp":"2026-03-19T09:16:42.912Z"}
{"level":"info","message":"Server started on port 5000","timestamp":"2026-03-19T09:16:42.915Z"}
{"level":"info","message":"Starting server...","timestamp":"2026-03-19T09:16:48.645Z"}
{"level":"info","message":"Database connected","timestamp":"2026-03-19T09:16:48.753Z"}
{"level":"info","message":"Security middlewares loaded","timestamp":"2026-03-19T09:16:48.765Z"}
{"level":"info","message":"Routes mounted","timestamp":"2026-03-19T09:16:48.766Z"}
{"level":"info","message":"Server started on port 5000","timestamp":"2026-03-19T09:16:48.772Z"}
{"level":"info","message":"Starting server...","timestamp":"2026-03-19T09:16:52.534Z"}
{"level":"info","message":"Database connected","timestamp":"2026-03-19T09:16:52.595Z"}
{"level":"info","message":"Security middlewares loaded","timestamp":"2026-03-19T09:16:52.600Z"}
{"level":"info","message":"Routes mounted","timestamp":"2026-03-19T09:16:52.601Z"}
{"level":"info","message":"Server started on port 5000","timestamp":"2026-03-19T09:16:52.603Z"}
{"level":"info","message":"[e239d0e9-2896-42d6-bbfd-67986dcb5bcb] GET /products?tags=apple 200 61.682 ms - 664","requestId":"e239d0e9-2896-42d6-bbfd-67986dcb5bcb","timestamp":"2026-03-19T09:27:07.783Z"}
{"level":"info","message":"[ca9580c2-2f20-4fe0-8d20-742a19726770] GET /products?tags=divya 200 5.375 ms - 60","requestId":"ca9580c2-2f20-4fe0-8d20-742a19726770","timestamp":"2026-03-19T09:27:18.512Z"}
{"level":"info","message":"[50da059c-0b2d-4256-976e-b2518f588da6] GET /products?tags[$gt]=divya 500 5.262 ms - 156","requestId":"50da059c-0b2d-4256-976e-b2518f588da6","timestamp":"2026-03-19T09:27:49.593Z"}
{"level":"info","message":"[465cac3b-3a66-42d6-bc4a-66501ec1a38a] GET /products?tags=apple 200 6.575 ms - 664","requestId":"465cac3b-3a66-42d6-bc4a-66501ec1a38a","timestamp":"2026-03-19T09:28:06.509Z"}
{"level":"info","message":"[98200db9-bdf6-47b3-bb8c-c8c5f33dd3d2] GET /products?minPrice[$gt]=0 200 9.354 ms - 2150","requestId":"98200db9-bdf6-47b3-bb8c-c8c5f33dd3d2","timestamp":"2026-03-19T09:28:45.071Z"}
{"level":"info","message":"[7ebb0480-fc9c-49d8-ad7d-11608f9ccf61] GET /products?search[$gt]=apple 200 14.035 ms - 2150","requestId":"7ebb0480-fc9c-49d8-ad7d-11608f9ccf61","timestamp":"2026-03-19T09:31:53.214Z"}
{"level":"info","message":"[c89fedb5-a870-4641-bba7-847531ce7827] POST /products 400 5.190 ms - 140","requestId":"c89fedb5-a870-4641-bba7-847531ce7827","timestamp":"2026-03-19T09:37:32.118Z"}
{"level":"info","message":"[f17db1fe-a70d-4e2b-962e-123183f8c2c2] GET /products?minPrice[$gt]=abc 200 7.123 ms - 2150","requestId":"f17db1fe-a70d-4e2b-962e-123183f8c2c2","timestamp":"2026-03-19T09:50:28.258Z"}
{"level":"info","message":"[e25b20da-b9cc-441c-8ba4-6426323eb2e9] GET /products?minPrice[$gt]=abc 200 9.097 ms - 2150","requestId":"e25b20da-b9cc-441c-8ba4-6426323eb2e9","timestamp":"2026-03-19T09:50:36.681Z"}
{"level":"info","message":"[a1f09314-1049-4530-8896-4ee36453fa2e] GET /products?minPrice[$gt]=100 200 7.836 ms - 2150","requestId":"a1f09314-1049-4530-8896-4ee36453fa2e","timestamp":"2026-03-19T09:50:47.001Z"}
{"level":"info","message":"[d9f1acd1-9382-4491-bec9-962c5a106520] GET /products?minPrice[$gt]=5000 200 8.104 ms - 2150","requestId":"d9f1acd1-9382-4491-bec9-962c5a106520","timestamp":"2026-03-19T09:52:10.166Z"}
{"level":"info","message":"SIGINT received. Shutting down...","timestamp":"2026-03-19T10:05:37.620Z"}
