{"level":"info","message":"Starting server...","timestamp":"2026-02-25T10:24:42.699Z"}
{"level":"info","message":"Database connected","timestamp":"2026-02-25T10:24:42.722Z"}
{"level":"info","message":"Starting server...","timestamp":"2026-02-25T10:25:34.610Z"}
{"level":"info","message":"Database connected","timestamp":"2026-02-25T10:25:34.630Z"}
{"level":"info","message":"Starting server...","timestamp":"2026-02-25T10:25:54.961Z"}
{"level":"info","message":"Database connected","timestamp":"2026-02-25T10:25:54.980Z"}
{"level":"info","message":"Starting server...","timestamp":"2026-02-25T10:29:14.961Z"}
{"level":"info","message":"Database connected","timestamp":"2026-02-25T10:29:14.988Z"}
{"level":"info","message":"Middlewares loaded","timestamp":"2026-02-25T10:29:14.991Z"}
{"level":"info","message":"Routes mounted: 0 endpoints","timestamp":"2026-02-25T10:29:14.991Z"}
{"level":"info","message":"Server started on port 5000","timestamp":"2026-02-25T10:29:14.992Z"}
{"level":"info","message":"Shutting down...","timestamp":"2026-02-25T10:57:46.583Z"}
{"level":"info","message":"Starting server...","timestamp":"2026-02-25T11:09:38.991Z"}
{"level":"info","message":"Database connected","timestamp":"2026-02-25T11:09:39.024Z"}
{"level":"info","message":"Middlewares loaded","timestamp":"2026-02-25T11:09:39.028Z"}
{"level":"info","message":"Routes mounted: 0 endpoints","timestamp":"2026-02-25T11:09:39.029Z"}
{"level":"info","message":"Server started on port 5000","timestamp":"2026-02-25T11:09:39.031Z"}
{"level":"info","message":"Starting server...","timestamp":"2026-02-25T11:11:23.344Z"}
{"level":"info","message":"Database connected","timestamp":"2026-02-25T11:11:23.368Z"}
{"level":"info","message":"Middlewares loaded","timestamp":"2026-02-25T11:11:23.371Z"}
{"level":"info","message":"Routes mounted: 0 endpoints","timestamp":"2026-02-25T11:11:23.371Z"}
{"level":"info","message":"Server started on port 5000","timestamp":"2026-02-25T11:11:23.373Z"}
{"level":"info","message":"Shutting down...","timestamp":"2026-02-25T11:11:34.973Z"}
{"level":"info","message":"Starting server...","timestamp":"2026-02-25T11:11:38.680Z"}
{"level":"info","message":"Database connected","timestamp":"2026-02-25T11:11:38.705Z"}
{"level":"info","message":"Middlewares loaded","timestamp":"2026-02-25T11:11:38.707Z"}
{"level":"info","message":"Routes mounted: 0 endpoints","timestamp":"2026-02-25T11:11:38.707Z"}
{"level":"info","message":"Server started on port 5000","timestamp":"2026-02-25T11:11:38.709Z"}
{"level":"info","message":"Shutting down...","timestamp":"2026-02-25T11:11:45.861Z"}
{"level":"info","message":"Starting server...","timestamp":"2026-02-25T11:23:39.185Z"}
{"level":"info","message":"Database connected","timestamp":"2026-02-25T11:23:39.211Z"}
{"level":"info","message":"Middlewares loaded","timestamp":"2026-02-25T11:23:39.214Z"}
{"level":"info","message":"Routes mounted: 0 endpoints","timestamp":"2026-02-25T11:23:39.215Z"}
{"level":"info","message":"Server started on port 5000","timestamp":"2026-02-25T11:23:39.216Z"}
{"level":"info","message":"Shutting down...","timestamp":"2026-02-25T11:24:39.575Z"}
{"level":"info","message":"Starting server...","timestamp":"2026-02-26T07:04:56.356Z"}
{"level":"info","message":"Database connected","timestamp":"2026-02-26T07:04:56.377Z"}
{"level":"info","message":"Middlewares loaded","timestamp":"2026-02-26T07:04:56.378Z"}
{"level":"info","message":"Routes mounted: 0 endpoints","timestamp":"2026-02-26T07:04:56.379Z"}
{"level":"info","message":"Server started on port 5000","timestamp":"2026-02-26T07:04:56.380Z"}
{"level":"info","message":"Shutting down...","timestamp":"2026-02-26T09:11:31.809Z"}
{"level":"info","message":"Starting server...","timestamp":"2026-03-02T06:15:01.567Z"}
{"level":"info","message":"Database connected","timestamp":"2026-03-02T06:15:01.587Z"}
{"level":"info","message":"Middlewares loaded","timestamp":"2026-03-02T06:15:01.589Z"}
{"level":"info","message":"Routes mounted: 0 endpoints","timestamp":"2026-03-02T06:15:01.589Z"}
{"level":"info","message":"Server started on port 5000","timestamp":"2026-03-02T06:15:01.591Z"}
{"level":"info","message":"Starting server...","timestamp":"2026-03-02T06:19:53.253Z"}
{"level":"info","message":"Database connected","timestamp":"2026-03-02T06:19:53.276Z"}
{"level":"info","message":"Middlewares loaded","timestamp":"2026-03-02T06:19:53.278Z"}
{"level":"info","message":"Routes mounted: 0 endpoints","timestamp":"2026-03-02T06:19:53.278Z"}
{"level":"info","message":"Server started on port 5000","timestamp":"2026-03-02T06:19:53.280Z"}
{"level":"info","message":"Starting server...","timestamp":"2026-03-02T06:19:58.331Z"}
{"level":"info","message":"Database connected","timestamp":"2026-03-02T06:19:58.353Z"}
{"level":"info","message":"Middlewares loaded","timestamp":"2026-03-02T06:19:58.355Z"}
{"level":"info","message":"Routes mounted: 0 endpoints","timestamp":"2026-03-02T06:19:58.355Z"}
{"level":"info","message":"Server started on port 5000","timestamp":"2026-03-02T06:19:58.357Z"}
{"level":"info","message":"Shutting down...","timestamp":"2026-03-02T06:20:31.240Z"}
{"level":"info","message":"Starting server...","timestamp":"2026-03-02T06:20:36.355Z"}
{"level":"info","message":"Database connected","timestamp":"2026-03-02T06:20:36.379Z"}
{"level":"info","message":"Middlewares loaded","timestamp":"2026-03-02T06:20:36.381Z"}
{"level":"info","message":"Routes mounted: 0 endpoints","timestamp":"2026-03-02T06:20:36.381Z"}
{"level":"info","message":"Server started on port 5000","timestamp":"2026-03-02T06:20:36.383Z"}
{"level":"info","message":"Starting server...","timestamp":"2026-03-02T06:23:05.829Z"}
{"level":"info","message":"Database connected","timestamp":"2026-03-02T06:23:05.849Z"}
{"level":"info","message":"Starting server...","timestamp":"2026-03-02T06:23:08.933Z"}
{"level":"info","message":"Database connected","timestamp":"2026-03-02T06:23:08.960Z"}
{"level":"info","message":"Security middlewares loaded","timestamp":"2026-03-02T06:23:08.962Z"}
{"level":"info","message":"Routes mounted","timestamp":"2026-03-02T06:23:08.963Z"}
{"level":"info","message":"Server started on port 5000","timestamp":"2026-03-02T06:23:08.965Z"}
{"level":"info","message":"Shutting down...","timestamp":"2026-03-02T06:24:35.314Z"}
{"level":"info","message":"Starting server...","timestamp":"2026-03-02T06:24:38.656Z"}
{"level":"info","message":"Database connected","timestamp":"2026-03-02T06:24:38.680Z"}
{"level":"info","message":"Security middlewares loaded","timestamp":"2026-03-02T06:24:38.682Z"}
{"level":"info","message":"Routes mounted","timestamp":"2026-03-02T06:24:38.682Z"}
{"level":"info","message":"Server started on port 5000","timestamp":"2026-03-02T06:24:38.684Z"}
{"level":"info","message":"Shutting down...","timestamp":"2026-03-02T06:27:00.074Z"}
{"level":"info","message":"Starting server...","timestamp":"2026-03-02T06:28:44.637Z"}
{"level":"info","message":"Database connected","timestamp":"2026-03-02T06:28:44.669Z"}
{"level":"info","message":"Security middlewares loaded","timestamp":"2026-03-02T06:28:44.674Z"}
{"level":"info","message":"Routes mounted","timestamp":"2026-03-02T06:28:44.675Z"}
{"level":"info","message":"Server started on port 5000","timestamp":"2026-03-02T06:28:44.678Z"}
{"level":"info","message":"Shutting down...","timestamp":"2026-03-02T06:29:53.676Z"}
{"level":"info","message":"Starting server...","timestamp":"2026-03-02T06:31:28.430Z"}
{"level":"info","message":"Database connected","timestamp":"2026-03-02T06:31:28.451Z"}
{"level":"info","message":"Security middlewares loaded","timestamp":"2026-03-02T06:31:28.453Z"}
{"level":"info","message":"Routes mounted","timestamp":"2026-03-02T06:31:28.453Z"}
{"level":"info","message":"Server started on port 5000","timestamp":"2026-03-02T06:31:28.455Z"}
{"level":"info","message":"Starting server...","timestamp":"2026-03-02T06:55:35.512Z"}
{"level":"info","message":"Database connected","timestamp":"2026-03-02T06:55:35.533Z"}
{"level":"info","message":"Security middlewares loaded","timestamp":"2026-03-02T06:55:35.535Z"}
{"level":"info","message":"Routes mounted","timestamp":"2026-03-02T06:55:35.536Z"}
{"level":"info","message":"Server started on port 5000","timestamp":"2026-03-02T06:55:35.537Z"}
{"level":"info","message":"Starting server...","timestamp":"2026-03-02T06:55:46.356Z"}
{"level":"info","message":"Database connected","timestamp":"2026-03-02T06:55:46.375Z"}
{"level":"info","message":"Security middlewares loaded","timestamp":"2026-03-02T06:55:46.378Z"}
{"level":"info","message":"Routes mounted","timestamp":"2026-03-02T06:55:46.378Z"}
{"level":"info","message":"Server started on port 5000","timestamp":"2026-03-02T06:55:46.379Z"}
{"level":"info","message":"Starting server...","timestamp":"2026-03-02T06:56:50.147Z"}
{"level":"info","message":"Database connected","timestamp":"2026-03-02T06:56:50.167Z"}
{"level":"info","message":"Security middlewares loaded","timestamp":"2026-03-02T06:56:50.170Z"}
{"level":"info","message":"Routes mounted","timestamp":"2026-03-02T06:56:50.170Z"}
{"level":"info","message":"Server started on port 5000","timestamp":"2026-03-02T06:56:50.172Z"}
{"level":"info","message":"Starting server...","timestamp":"2026-03-02T06:57:04.655Z"}
{"level":"info","message":"Database connected","timestamp":"2026-03-02T06:57:04.678Z"}
{"level":"info","message":"Security middlewares loaded","timestamp":"2026-03-02T06:57:04.681Z"}
{"level":"info","message":"Routes mounted","timestamp":"2026-03-02T06:57:04.681Z"}
{"level":"info","message":"Server started on port 5000","timestamp":"2026-03-02T06:57:04.683Z"}
{"level":"info","message":"Starting server...","timestamp":"2026-03-02T06:58:58.638Z"}
{"level":"info","message":"Database connected","timestamp":"2026-03-02T06:58:58.662Z"}
{"level":"info","message":"Starting server...","timestamp":"2026-03-02T06:59:00.500Z"}
{"level":"info","message":"Database connected","timestamp":"2026-03-02T06:59:00.523Z"}
{"level":"info","message":"Security middlewares loaded","timestamp":"2026-03-02T06:59:00.526Z"}
{"level":"info","message":"Routes mounted","timestamp":"2026-03-02T06:59:00.526Z"}
{"level":"info","message":"Server started on port 5000","timestamp":"2026-03-02T06:59:00.528Z"}
{"level":"info","message":"Starting server...","timestamp":"2026-03-02T07:03:38.380Z"}
{"level":"info","message":"Database connected","timestamp":"2026-03-02T07:03:38.408Z"}
{"level":"info","message":"Security middlewares loaded","timestamp":"2026-03-02T07:03:38.411Z"}
{"level":"info","message":"Routes mounted","timestamp":"2026-03-02T07:03:38.411Z"}
{"level":"info","message":"Server started on port 5000","timestamp":"2026-03-02T07:03:38.412Z"}
{"level":"info","message":"Starting server...","timestamp":"2026-03-02T07:03:41.505Z"}
{"level":"info","message":"Database connected","timestamp":"2026-03-02T07:03:41.535Z"}
{"level":"info","message":"Security middlewares loaded","timestamp":"2026-03-02T07:03:41.537Z"}
{"level":"info","message":"Routes mounted","timestamp":"2026-03-02T07:03:41.538Z"}
{"level":"info","message":"Server started on port 5000","timestamp":"2026-03-02T07:03:41.539Z"}
{"level":"info","message":"Starting server...","timestamp":"2026-03-02T07:04:05.881Z"}
{"level":"info","message":"Database connected","timestamp":"2026-03-02T07:04:05.906Z"}
{"level":"info","message":"Security middlewares loaded","timestamp":"2026-03-02T07:04:05.913Z"}
{"level":"info","message":"Routes mounted","timestamp":"2026-03-02T07:04:05.913Z"}
{"level":"info","message":"Server started on port 5000","timestamp":"2026-03-02T07:04:05.917Z"}
{"level":"info","message":"Starting server...","timestamp":"2026-03-02T07:04:10.898Z"}
{"level":"info","message":"Database connected","timestamp":"2026-03-02T07:04:10.934Z"}
{"level":"info","message":"Security middlewares loaded","timestamp":"2026-03-02T07:04:10.940Z"}
{"level":"info","message":"Routes mounted","timestamp":"2026-03-02T07:04:10.940Z"}
{"level":"info","message":"Server started on port 5000","timestamp":"2026-03-02T07:04:10.943Z"}
{"level":"info","message":"Shutting down...","timestamp":"2026-03-02T07:07:46.701Z"}
{"level":"info","message":"Starting server...","timestamp":"2026-03-02T07:07:50.111Z"}
{"level":"info","message":"Database connected","timestamp":"2026-03-02T07:07:50.138Z"}
{"level":"info","message":"Security middlewares loaded","timestamp":"2026-03-02T07:07:50.141Z"}
{"level":"info","message":"Routes mounted","timestamp":"2026-03-02T07:07:50.141Z"}
{"level":"info","message":"Server started on port 5000","timestamp":"2026-03-02T07:07:50.142Z"}
{"level":"info","message":"Starting server...","timestamp":"2026-03-02T07:28:25.965Z"}
{"level":"info","message":"Database connected","timestamp":"2026-03-02T07:28:25.989Z"}
{"level":"info","message":"Security middlewares loaded","timestamp":"2026-03-02T07:28:25.991Z"}
{"level":"info","message":"Routes mounted","timestamp":"2026-03-02T07:28:25.992Z"}
{"level":"info","message":"Server started on port 5000","timestamp":"2026-03-02T07:28:25.993Z"}
{"level":"info","message":"Starting server...","timestamp":"2026-03-02T07:28:28.446Z"}
{"level":"info","message":"Database connected","timestamp":"2026-03-02T07:28:28.468Z"}
{"level":"info","message":"Security middlewares loaded","timestamp":"2026-03-02T07:28:28.471Z"}
{"level":"info","message":"Routes mounted","timestamp":"2026-03-02T07:28:28.471Z"}
{"level":"info","message":"Server started on port 5000","timestamp":"2026-03-02T07:28:28.473Z"}
{"level":"info","message":"Shutting down...","timestamp":"2026-03-02T07:28:36.239Z"}
{"level":"info","message":"Starting server...","timestamp":"2026-03-02T07:28:40.737Z"}
{"level":"info","message":"Database connected","timestamp":"2026-03-02T07:28:40.761Z"}
{"level":"info","message":"Security middlewares loaded","timestamp":"2026-03-02T07:28:40.763Z"}
{"level":"info","message":"Routes mounted","timestamp":"2026-03-02T07:28:40.763Z"}
{"level":"info","message":"Server started on port 5000","timestamp":"2026-03-02T07:28:40.765Z"}
{"level":"info","message":"Starting server...","timestamp":"2026-03-02T07:37:28.655Z"}
{"level":"info","message":"Database connected","timestamp":"2026-03-02T07:37:28.681Z"}
{"level":"info","message":"Security middlewares loaded","timestamp":"2026-03-02T07:37:28.683Z"}
{"level":"info","message":"Routes mounted","timestamp":"2026-03-02T07:37:28.684Z"}
{"level":"info","message":"Server started on port 5000","timestamp":"2026-03-02T07:37:28.685Z"}
{"level":"info","message":"Starting server...","timestamp":"2026-03-02T07:37:30.695Z"}
{"level":"info","message":"Database connected","timestamp":"2026-03-02T07:37:30.719Z"}
{"level":"info","message":"Security middlewares loaded","timestamp":"2026-03-02T07:37:30.722Z"}
{"level":"info","message":"Routes mounted","timestamp":"2026-03-02T07:37:30.722Z"}
{"level":"info","message":"Server started on port 5000","timestamp":"2026-03-02T07:37:30.724Z"}
{"level":"info","message":"Shutting down...","timestamp":"2026-03-02T07:37:33.952Z"}
{"level":"info","message":"Starting server...","timestamp":"2026-03-02T07:37:37.485Z"}
{"level":"info","message":"Database connected","timestamp":"2026-03-02T07:37:37.506Z"}
{"level":"info","message":"Security middlewares loaded","timestamp":"2026-03-02T07:37:37.512Z"}
{"level":"info","message":"Routes mounted","timestamp":"2026-03-02T07:37:37.512Z"}
{"level":"info","message":"Server started on port 5000","timestamp":"2026-03-02T07:37:37.515Z"}
{"level":"info","message":"Shutting down...","timestamp":"2026-03-02T07:41:02.524Z"}
{"level":"info","message":"Starting server...","timestamp":"2026-03-02T07:45:15.328Z"}
{"level":"info","message":"Database connected","timestamp":"2026-03-02T07:45:15.355Z"}
{"level":"info","message":"Security middlewares loaded","timestamp":"2026-03-02T07:45:15.358Z"}
{"level":"info","message":"Routes mounted","timestamp":"2026-03-02T07:45:15.358Z"}
{"level":"info","message":"Server started on port 5000","timestamp":"2026-03-02T07:45:15.359Z"}
{"level":"info","message":"Shutting down...","timestamp":"2026-03-02T07:49:02.247Z"}
